This is pdfTeX, Version 3.14159265-2.6-1.40.19 (TeX Live 2018) (preloaded format=pdflatex 2018.11.11)  12 NOV 2018 15:49
entering extended mode
 \write18 enabled.
 %&-line parsing enabled.
**Seminar.tex
(./Seminar.tex
LaTeX2e <2018-04-01> patch level 5
(/usr/local/texlive/2018/texmf-dist/tex/latex/koma-script/scrartcl.cls
Document Class: scrartcl 2018/03/30 v3.25 KOMA-Script document class (article)
(/usr/local/texlive/2018/texmf-dist/tex/latex/koma-script/scrkbase.sty
Package: scrkbase 2018/03/30 v3.25 KOMA-Script package (KOMA-Script-dependent b
asics and keyval usage)

(/usr/local/texlive/2018/texmf-dist/tex/latex/koma-script/scrbase.sty
Package: scrbase 2018/03/30 v3.25 KOMA-Script package (KOMA-Script-independent 
basics and keyval usage)

(/usr/local/texlive/2018/texmf-dist/tex/latex/graphics/keyval.sty
Package: keyval 2014/10/28 v1.15 key=value parser (DPC)
\KV@toks@=\toks14
)
(/usr/local/texlive/2018/texmf-dist/tex/latex/koma-script/scrlfile.sty
Package: scrlfile 2018/03/30 v3.25 KOMA-Script package (loading files)
)))
(/usr/local/texlive/2018/texmf-dist/tex/latex/koma-script/tocbasic.sty
Package: tocbasic 2018/03/30 v3.25 KOMA-Script package (handling toc-files)
\scr@dte@tocline@numberwidth=\skip41
\scr@dte@tocline@numbox=\box26
)
Package tocbasic Info: omitting babel extension for `toc'
(tocbasic)             because of feature `nobabel' available
(tocbasic)             for `toc' on input line 134.
Class scrartcl Info: File `scrsize11pt.clo' used instead of
(scrartcl)           file `scrsize11.clo' to setup font sizes on input line 211
4.

(/usr/local/texlive/2018/texmf-dist/tex/latex/koma-script/scrsize11pt.clo
File: scrsize11pt.clo 2018/03/30 v3.25 KOMA-Script font size class option (11pt
)
)
(/usr/local/texlive/2018/texmf-dist/tex/latex/koma-script/typearea.sty
Package: typearea 2018/03/30 v3.25 KOMA-Script package (type area)
\ta@bcor=\skip42
\ta@div=\count80
Package typearea Info: You've used standard option `a4paper'.
(typearea)             This is correct!
(typearea)             Internally I'm using `paper=a4'.
(typearea)             If you'd like to set the option with \KOMAoptions,
(typearea)             you'd have to use `paper=a4' there
(typearea)             instead of `a4paper', too.
\ta@hblk=\skip43
\ta@vblk=\skip44
\ta@temp=\skip45
\footheight=\skip46
Package typearea Info: These are the values describing the layout:
(typearea)             DIV  = 10
(typearea)             BCOR = 0.0pt
(typearea)             \paperwidth      = 597.50793pt
(typearea)              \textwidth      = 418.25555pt
(typearea)              DIV departure   = -6%
(typearea)              \evensidemargin = 17.3562pt
(typearea)              \oddsidemargin  = 17.3562pt
(typearea)             \paperheight     = 845.04694pt
(typearea)              \textheight     = 595.80026pt
(typearea)              \topmargin      = -25.16531pt
(typearea)              \headheight     = 17.0pt
(typearea)              \headsep        = 20.40001pt
(typearea)              \topskip        = 11.0pt
(typearea)              \footskip       = 47.6pt
(typearea)              \baselineskip   = 13.6pt
(typearea)              on input line 1706.
)
\c@part=\count81
\c@section=\count82
\c@subsection=\count83
\c@subsubsection=\count84
\c@paragraph=\count85
\c@subparagraph=\count86
\scr@dte@part@maxnumwidth=\skip47
\scr@dte@section@maxnumwidth=\skip48
\scr@dte@subsection@maxnumwidth=\skip49
\scr@dte@subsubsection@maxnumwidth=\skip50
\scr@dte@paragraph@maxnumwidth=\skip51
\scr@dte@subparagraph@maxnumwidth=\skip52
\abovecaptionskip=\skip53
\belowcaptionskip=\skip54
\c@pti@nb@sid@b@x=\box27
\scr@dte@figure@maxnumwidth=\skip55
Package tocbasic Info: omitting babel extension for `lof'
(tocbasic)             because of feature `nobabel' available
(tocbasic)             for `lof' on input line 5439.
\c@figure=\count87
\scr@dte@table@maxnumwidth=\skip56
Package tocbasic Info: omitting babel extension for `lot'
(tocbasic)             because of feature `nobabel' available
(tocbasic)             for `lot' on input line 5451.
\c@table=\count88
Class scrartcl Info: Redefining `\numberline' on input line 5615.
\bibindent=\dimen102
)
(./Header.tex (/usr/local/texlive/2018/texmf-dist/tex/latex/listing/listing.sty
Package: listing 1999/05/25
Package `listing', V1.2, <1999/05/25>
\c@listing=\count89
) (/usr/local/texlive/2018/texmf-dist/tex/latex/graphics/graphicx.sty
Package: graphicx 2017/06/01 v1.1a Enhanced LaTeX Graphics (DPC,SPQR)

(/usr/local/texlive/2018/texmf-dist/tex/latex/graphics/graphics.sty
Package: graphics 2017/06/25 v1.2c Standard LaTeX Graphics (DPC,SPQR)

(/usr/local/texlive/2018/texmf-dist/tex/latex/graphics/trig.sty
Package: trig 2016/01/03 v1.10 sin cos tan (DPC)
)
(/usr/local/texlive/2018/texmf-dist/tex/latex/graphics-cfg/graphics.cfg
File: graphics.cfg 2016/06/04 v1.11 sample graphics configuration
)
Package graphics Info: Driver file: pdftex.def on input line 99.

(/usr/local/texlive/2018/texmf-dist/tex/latex/graphics-def/pdftex.def
File: pdftex.def 2018/01/08 v1.0l Graphics/color driver for pdftex
))
\Gin@req@height=\dimen103
\Gin@req@width=\dimen104
)
(/usr/local/texlive/2018/texmf-dist/tex/latex/base/inputenc.sty
Package: inputenc 2018/04/06 v1.3b Input encoding file
\inpenc@prehook=\toks15
\inpenc@posthook=\toks16
)
(/usr/local/texlive/2018/texmf-dist/tex/generic/babel/babel.sty
Package: babel 2018/10/16 3.26 The Babel package

(/usr/local/texlive/2018/texmf-dist/tex/generic/babel/switch.def
File: switch.def 2018/10/16 3.26 Babel switching mechanism
)
(/usr/local/texlive/2018/texmf-dist/tex/generic/babel-german/ngerman.ldf
Language: ngerman 2018/03/29 v2.10 German support for babel (post-1996 orthogra
phy)

(/usr/local/texlive/2018/texmf-dist/tex/generic/babel-german/ngermanb.ldf
Language: ngermanb 2018/03/29 v2.10 German support for babel (post-1996 orthogr
aphy)

(/usr/local/texlive/2018/texmf-dist/tex/generic/babel/babel.def
File: babel.def 2018/10/16 3.26 Babel common definitions
\babel@savecnt=\count90
\U@D=\dimen105

(/usr/local/texlive/2018/texmf-dist/tex/generic/babel/txtbabel.def)
\bbl@dirlevel=\count91
)
Package babel Info: Making " an active character on input line 121.
)))
(/usr/local/texlive/2018/texmf-dist/tex/latex/pgf/frontendlayer/tikz.sty
(/usr/local/texlive/2018/texmf-dist/tex/latex/pgf/basiclayer/pgf.sty
(/usr/local/texlive/2018/texmf-dist/tex/latex/pgf/utilities/pgfrcs.sty
(/usr/local/texlive/2018/texmf-dist/tex/generic/pgf/utilities/pgfutil-common.te
x
\pgfutil@everybye=\toks17
\pgfutil@tempdima=\dimen106
\pgfutil@tempdimb=\dimen107

(/usr/local/texlive/2018/texmf-dist/tex/generic/pgf/utilities/pgfutil-common-li
sts.tex))
(/usr/local/texlive/2018/texmf-dist/tex/generic/pgf/utilities/pgfutil-latex.def
\pgfutil@abb=\box28
(/usr/local/texlive/2018/texmf-dist/tex/latex/ms/everyshi.sty
Package: everyshi 2001/05/15 v3.00 EveryShipout Package (MS)
))
(/usr/local/texlive/2018/texmf-dist/tex/generic/pgf/utilities/pgfrcs.code.tex
Package: pgfrcs 2015/08/07 v3.0.1a (rcs-revision 1.31)
))
Package: pgf 2015/08/07 v3.0.1a (rcs-revision 1.15)
(/usr/local/texlive/2018/texmf-dist/tex/latex/pgf/basiclayer/pgfcore.sty
(/usr/local/texlive/2018/texmf-dist/tex/latex/pgf/systemlayer/pgfsys.sty
(/usr/local/texlive/2018/texmf-dist/tex/generic/pgf/systemlayer/pgfsys.code.tex
Package: pgfsys 2014/07/09 v3.0.1a (rcs-revision 1.48)
(/usr/local/texlive/2018/texmf-dist/tex/generic/pgf/utilities/pgfkeys.code.tex
\pgfkeys@pathtoks=\toks18
\pgfkeys@temptoks=\toks19

(/usr/local/texlive/2018/texmf-dist/tex/generic/pgf/utilities/pgfkeysfiltered.c
ode.tex
\pgfkeys@tmptoks=\toks20
))
\pgf@x=\dimen108
\pgf@y=\dimen109
\pgf@xa=\dimen110
\pgf@ya=\dimen111
\pgf@xb=\dimen112
\pgf@yb=\dimen113
\pgf@xc=\dimen114
\pgf@yc=\dimen115
\w@pgf@writea=\write3
\r@pgf@reada=\read1
\c@pgf@counta=\count92
\c@pgf@countb=\count93
\c@pgf@countc=\count94
\c@pgf@countd=\count95
\t@pgf@toka=\toks21
\t@pgf@tokb=\toks22
\t@pgf@tokc=\toks23

(/usr/local/texlive/2018/texmf-dist/tex/generic/pgf/systemlayer/pgf.cfg
File: pgf.cfg 2008/05/14  (rcs-revision 1.7)
)
Driver file for pgf: pgfsys-pdftex.def

(/usr/local/texlive/2018/texmf-dist/tex/generic/pgf/systemlayer/pgfsys-pdftex.d
ef
File: pgfsys-pdftex.def 2014/10/11  (rcs-revision 1.35)

(/usr/local/texlive/2018/texmf-dist/tex/generic/pgf/systemlayer/pgfsys-common-p
df.def
File: pgfsys-common-pdf.def 2013/10/10  (rcs-revision 1.13)
)))
(/usr/local/texlive/2018/texmf-dist/tex/generic/pgf/systemlayer/pgfsyssoftpath.
code.tex
File: pgfsyssoftpath.code.tex 2013/09/09  (rcs-revision 1.9)
\pgfsyssoftpath@smallbuffer@items=\count96
\pgfsyssoftpath@bigbuffer@items=\count97
)
(/usr/local/texlive/2018/texmf-dist/tex/generic/pgf/systemlayer/pgfsysprotocol.
code.tex
File: pgfsysprotocol.code.tex 2006/10/16  (rcs-revision 1.4)
)) (/usr/local/texlive/2018/texmf-dist/tex/latex/xcolor/xcolor.sty
Package: xcolor 2016/05/11 v2.12 LaTeX color extensions (UK)

(/usr/local/texlive/2018/texmf-dist/tex/latex/graphics-cfg/color.cfg
File: color.cfg 2016/01/02 v1.6 sample color configuration
)
Package xcolor Info: Driver file: pdftex.def on input line 225.
Package xcolor Info: Model `cmy' substituted by `cmy0' on input line 1348.
Package xcolor Info: Model `hsb' substituted by `rgb' on input line 1352.
Package xcolor Info: Model `RGB' extended on input line 1364.
Package xcolor Info: Model `HTML' substituted by `rgb' on input line 1366.
Package xcolor Info: Model `Hsb' substituted by `hsb' on input line 1367.
Package xcolor Info: Model `tHsb' substituted by `hsb' on input line 1368.
Package xcolor Info: Model `HSB' substituted by `hsb' on input line 1369.
Package xcolor Info: Model `Gray' substituted by `gray' on input line 1370.
Package xcolor Info: Model `wave' substituted by `hsb' on input line 1371.
)
(/usr/local/texlive/2018/texmf-dist/tex/generic/pgf/basiclayer/pgfcore.code.tex
Package: pgfcore 2010/04/11 v3.0.1a (rcs-revision 1.7)
(/usr/local/texlive/2018/texmf-dist/tex/generic/pgf/math/pgfmath.code.tex
(/usr/local/texlive/2018/texmf-dist/tex/generic/pgf/math/pgfmathcalc.code.tex
(/usr/local/texlive/2018/texmf-dist/tex/generic/pgf/math/pgfmathutil.code.tex)
(/usr/local/texlive/2018/texmf-dist/tex/generic/pgf/math/pgfmathparser.code.tex
\pgfmath@dimen=\dimen116
\pgfmath@count=\count98
\pgfmath@box=\box29
\pgfmath@toks=\toks24
\pgfmath@stack@operand=\toks25
\pgfmath@stack@operation=\toks26
)
(/usr/local/texlive/2018/texmf-dist/tex/generic/pgf/math/pgfmathfunctions.code.
tex
(/usr/local/texlive/2018/texmf-dist/tex/generic/pgf/math/pgfmathfunctions.basic
.code.tex)
(/usr/local/texlive/2018/texmf-dist/tex/generic/pgf/math/pgfmathfunctions.trigo
nometric.code.tex)
(/usr/local/texlive/2018/texmf-dist/tex/generic/pgf/math/pgfmathfunctions.rando
m.code.tex)
(/usr/local/texlive/2018/texmf-dist/tex/generic/pgf/math/pgfmathfunctions.compa
rison.code.tex)
(/usr/local/texlive/2018/texmf-dist/tex/generic/pgf/math/pgfmathfunctions.base.
code.tex)
(/usr/local/texlive/2018/texmf-dist/tex/generic/pgf/math/pgfmathfunctions.round
.code.tex)
(/usr/local/texlive/2018/texmf-dist/tex/generic/pgf/math/pgfmathfunctions.misc.
code.tex)
(/usr/local/texlive/2018/texmf-dist/tex/generic/pgf/math/pgfmathfunctions.integ
erarithmetics.code.tex)))
(/usr/local/texlive/2018/texmf-dist/tex/generic/pgf/math/pgfmathfloat.code.tex
\c@pgfmathroundto@lastzeros=\count99
))
(/usr/local/texlive/2018/texmf-dist/tex/generic/pgf/basiclayer/pgfcorepoints.co
de.tex
File: pgfcorepoints.code.tex 2013/10/07  (rcs-revision 1.27)
\pgf@picminx=\dimen117
\pgf@picmaxx=\dimen118
\pgf@picminy=\dimen119
\pgf@picmaxy=\dimen120
\pgf@pathminx=\dimen121
\pgf@pathmaxx=\dimen122
\pgf@pathminy=\dimen123
\pgf@pathmaxy=\dimen124
\pgf@xx=\dimen125
\pgf@xy=\dimen126
\pgf@yx=\dimen127
\pgf@yy=\dimen128
\pgf@zx=\dimen129
\pgf@zy=\dimen130
)
(/usr/local/texlive/2018/texmf-dist/tex/generic/pgf/basiclayer/pgfcorepathconst
ruct.code.tex
File: pgfcorepathconstruct.code.tex 2013/10/07  (rcs-revision 1.29)
\pgf@path@lastx=\dimen131
\pgf@path@lasty=\dimen132
)
(/usr/local/texlive/2018/texmf-dist/tex/generic/pgf/basiclayer/pgfcorepathusage
.code.tex
File: pgfcorepathusage.code.tex 2014/11/02  (rcs-revision 1.24)
\pgf@shorten@end@additional=\dimen133
\pgf@shorten@start@additional=\dimen134
)
(/usr/local/texlive/2018/texmf-dist/tex/generic/pgf/basiclayer/pgfcorescopes.co
de.tex
File: pgfcorescopes.code.tex 2015/05/08  (rcs-revision 1.46)
\pgfpic=\box30
\pgf@hbox=\box31
\pgf@layerbox@main=\box32
\pgf@picture@serial@count=\count100
)
(/usr/local/texlive/2018/texmf-dist/tex/generic/pgf/basiclayer/pgfcoregraphicst
ate.code.tex
File: pgfcoregraphicstate.code.tex 2014/11/02  (rcs-revision 1.12)
\pgflinewidth=\dimen135
)
(/usr/local/texlive/2018/texmf-dist/tex/generic/pgf/basiclayer/pgfcoretransform
ations.code.tex
File: pgfcoretransformations.code.tex 2015/08/07  (rcs-revision 1.20)
\pgf@pt@x=\dimen136
\pgf@pt@y=\dimen137
\pgf@pt@temp=\dimen138
)
(/usr/local/texlive/2018/texmf-dist/tex/generic/pgf/basiclayer/pgfcorequick.cod
e.tex
File: pgfcorequick.code.tex 2008/10/09  (rcs-revision 1.3)
)
(/usr/local/texlive/2018/texmf-dist/tex/generic/pgf/basiclayer/pgfcoreobjects.c
ode.tex
File: pgfcoreobjects.code.tex 2006/10/11  (rcs-revision 1.2)
)
(/usr/local/texlive/2018/texmf-dist/tex/generic/pgf/basiclayer/pgfcorepathproce
ssing.code.tex
File: pgfcorepathprocessing.code.tex 2013/09/09  (rcs-revision 1.9)
)
(/usr/local/texlive/2018/texmf-dist/tex/generic/pgf/basiclayer/pgfcorearrows.co
de.tex
File: pgfcorearrows.code.tex 2015/05/14  (rcs-revision 1.43)
\pgfarrowsep=\dimen139
)
(/usr/local/texlive/2018/texmf-dist/tex/generic/pgf/basiclayer/pgfcoreshade.cod
e.tex
File: pgfcoreshade.code.tex 2013/07/15  (rcs-revision 1.15)
\pgf@max=\dimen140
\pgf@sys@shading@range@num=\count101
)
(/usr/local/texlive/2018/texmf-dist/tex/generic/pgf/basiclayer/pgfcoreimage.cod
e.tex
File: pgfcoreimage.code.tex 2013/07/15  (rcs-revision 1.18)

(/usr/local/texlive/2018/texmf-dist/tex/generic/pgf/basiclayer/pgfcoreexternal.
code.tex
File: pgfcoreexternal.code.tex 2014/07/09  (rcs-revision 1.21)
\pgfexternal@startupbox=\box33
))
(/usr/local/texlive/2018/texmf-dist/tex/generic/pgf/basiclayer/pgfcorelayers.co
de.tex
File: pgfcorelayers.code.tex 2013/07/18  (rcs-revision 1.7)
)
(/usr/local/texlive/2018/texmf-dist/tex/generic/pgf/basiclayer/pgfcoretranspare
ncy.code.tex
File: pgfcoretransparency.code.tex 2013/09/30  (rcs-revision 1.5)
)
(/usr/local/texlive/2018/texmf-dist/tex/generic/pgf/basiclayer/pgfcorepatterns.
code.tex
File: pgfcorepatterns.code.tex 2013/11/07  (rcs-revision 1.5)
)))
(/usr/local/texlive/2018/texmf-dist/tex/generic/pgf/modules/pgfmoduleshapes.cod
e.tex
File: pgfmoduleshapes.code.tex 2014/03/21  (rcs-revision 1.35)
\pgfnodeparttextbox=\box34
)
(/usr/local/texlive/2018/texmf-dist/tex/generic/pgf/modules/pgfmoduleplot.code.
tex
File: pgfmoduleplot.code.tex 2015/08/03  (rcs-revision 1.13)
)
(/usr/local/texlive/2018/texmf-dist/tex/latex/pgf/compatibility/pgfcomp-version
-0-65.sty
Package: pgfcomp-version-0-65 2007/07/03 v3.0.1a (rcs-revision 1.7)
\pgf@nodesepstart=\dimen141
\pgf@nodesepend=\dimen142
)
(/usr/local/texlive/2018/texmf-dist/tex/latex/pgf/compatibility/pgfcomp-version
-1-18.sty
Package: pgfcomp-version-1-18 2007/07/23 v3.0.1a (rcs-revision 1.1)
))
(/usr/local/texlive/2018/texmf-dist/tex/latex/pgf/utilities/pgffor.sty
(/usr/local/texlive/2018/texmf-dist/tex/latex/pgf/utilities/pgfkeys.sty
(/usr/local/texlive/2018/texmf-dist/tex/generic/pgf/utilities/pgfkeys.code.tex)
) (/usr/local/texlive/2018/texmf-dist/tex/latex/pgf/math/pgfmath.sty
(/usr/local/texlive/2018/texmf-dist/tex/generic/pgf/math/pgfmath.code.tex))
(/usr/local/texlive/2018/texmf-dist/tex/generic/pgf/utilities/pgffor.code.tex
Package: pgffor 2013/12/13 v3.0.1a (rcs-revision 1.25)

(/usr/local/texlive/2018/texmf-dist/tex/generic/pgf/math/pgfmath.code.tex)
\pgffor@iter=\dimen143
\pgffor@skip=\dimen144
\pgffor@stack=\toks27
\pgffor@toks=\toks28
))
(/usr/local/texlive/2018/texmf-dist/tex/generic/pgf/frontendlayer/tikz/tikz.cod
e.tex
Package: tikz 2015/08/07 v3.0.1a (rcs-revision 1.151)

(/usr/local/texlive/2018/texmf-dist/tex/generic/pgf/libraries/pgflibraryplothan
dlers.code.tex
File: pgflibraryplothandlers.code.tex 2013/08/31 v3.0.1a (rcs-revision 1.20)
\pgf@plot@mark@count=\count102
\pgfplotmarksize=\dimen145
)
\tikz@lastx=\dimen146
\tikz@lasty=\dimen147
\tikz@lastxsaved=\dimen148
\tikz@lastysaved=\dimen149
\tikzleveldistance=\dimen150
\tikzsiblingdistance=\dimen151
\tikz@figbox=\box35
\tikz@figbox@bg=\box36
\tikz@tempbox=\box37
\tikz@tempbox@bg=\box38
\tikztreelevel=\count103
\tikznumberofchildren=\count104
\tikznumberofcurrentchild=\count105
\tikz@fig@count=\count106

(/usr/local/texlive/2018/texmf-dist/tex/generic/pgf/modules/pgfmodulematrix.cod
e.tex
File: pgfmodulematrix.code.tex 2013/09/17  (rcs-revision 1.8)
\pgfmatrixcurrentrow=\count107
\pgfmatrixcurrentcolumn=\count108
\pgf@matrix@numberofcolumns=\count109
)
\tikz@expandcount=\count110

(/usr/local/texlive/2018/texmf-dist/tex/generic/pgf/frontendlayer/tikz/librarie
s/tikzlibrarytopaths.code.tex
File: tikzlibrarytopaths.code.tex 2008/06/17 v3.0.1a (rcs-revision 1.2)
)))
(/usr/local/texlive/2018/texmf-dist/tex/latex/tikzscale/tikzscale.sty
Package: tikzscale 2013/05/22 v0.2.6 tikzscale LaTeX package

(/usr/local/texlive/2018/texmf-dist/tex/latex/etoolbox/etoolbox.sty
Package: etoolbox 2018/08/19 v2.5f e-TeX tools for LaTeX (JAW)
\etb@tempcnta=\count111
)
(/usr/local/texlive/2018/texmf-dist/tex/latex/l3packages/xparse/xparse.sty
(/usr/local/texlive/2018/texmf-dist/tex/latex/l3kernel/expl3.sty
Package: expl3 2018-10-31 L3 programming layer (loader) 

(/usr/local/texlive/2018/texmf-dist/tex/latex/l3kernel/expl3-code.tex
Package: expl3 2018-10-31 L3 programming layer (code)
\c_max_int=\count112
\l_tmpa_int=\count113
\l_tmpb_int=\count114
\g_tmpa_int=\count115
\g_tmpb_int=\count116
\g__kernel_prg_map_int=\count117
\c_log_iow=\count118
\l_iow_line_count_int=\count119
\l__iow_line_target_int=\count120
\l__iow_one_indent_int=\count121
\l__iow_indent_int=\count122
\c_zero_dim=\dimen152
\c_max_dim=\dimen153
\l_tmpa_dim=\dimen154
\l_tmpb_dim=\dimen155
\g_tmpa_dim=\dimen156
\g_tmpb_dim=\dimen157
\c_zero_skip=\skip57
\c_max_skip=\skip58
\l_tmpa_skip=\skip59
\l_tmpb_skip=\skip60
\g_tmpa_skip=\skip61
\g_tmpb_skip=\skip62
\c_zero_muskip=\muskip10
\c_max_muskip=\muskip11
\l_tmpa_muskip=\muskip12
\l_tmpb_muskip=\muskip13
\g_tmpa_muskip=\muskip14
\g_tmpb_muskip=\muskip15
\l_keys_choice_int=\count123
\l__intarray_loop_int=\count124
\c__intarray_sp_dim=\dimen158
\g__intarray_font_int=\count125
\c__fp_leading_shift_int=\count126
\c__fp_middle_shift_int=\count127
\c__fp_trailing_shift_int=\count128
\c__fp_big_leading_shift_int=\count129
\c__fp_big_middle_shift_int=\count130
\c__fp_big_trailing_shift_int=\count131
\c__fp_Bigg_leading_shift_int=\count132
\c__fp_Bigg_middle_shift_int=\count133
\c__fp_Bigg_trailing_shift_int=\count134
\c__kernel_randint_max_int=\count135
\g__fp_array_int=\count136
\l__fp_array_loop_int=\count137
\l__sort_length_int=\count138
\l__sort_min_int=\count139
\l__sort_top_int=\count140
\l__sort_max_int=\count141
\l__sort_true_max_int=\count142
\l__sort_block_int=\count143
\l__sort_begin_int=\count144
\l__sort_end_int=\count145
\l__sort_A_int=\count146
\l__sort_B_int=\count147
\l__sort_C_int=\count148
\l__tl_analysis_normal_int=\count149
\l__tl_analysis_index_int=\count150
\l__tl_analysis_nesting_int=\count151
\l__tl_analysis_type_int=\count152
\l__regex_internal_a_int=\count153
\l__regex_internal_b_int=\count154
\l__regex_internal_c_int=\count155
\l__regex_balance_int=\count156
\l__regex_group_level_int=\count157
\l__regex_mode_int=\count158
\c__regex_cs_in_class_mode_int=\count159
\c__regex_cs_mode_int=\count160
\l__regex_catcodes_int=\count161
\l__regex_default_catcodes_int=\count162
\c__regex_catcode_D_int=\count163
\c__regex_catcode_S_int=\count164
\c__regex_catcode_L_int=\count165
\c__regex_catcode_O_int=\count166
\c__regex_catcode_A_int=\count167
\c__regex_all_catcodes_int=\count168
\l__regex_show_lines_int=\count169
\l__regex_min_state_int=\count170
\l__regex_max_state_int=\count171
\l__regex_left_state_int=\count172
\l__regex_right_state_int=\count173
\l__regex_capturing_group_int=\count174
\l__regex_min_pos_int=\count175
\l__regex_max_pos_int=\count176
\l__regex_curr_pos_int=\count177
\l__regex_start_pos_int=\count178
\l__regex_success_pos_int=\count179
\l__regex_curr_char_int=\count180
\l__regex_curr_catcode_int=\count181
\l__regex_last_char_int=\count182
\l__regex_case_changed_char_int=\count183
\l__regex_curr_state_int=\count184
\l__regex_step_int=\count185
\l__regex_min_active_int=\count186
\l__regex_max_active_int=\count187
\l__regex_replacement_csnames_int=\count188
\l__regex_match_count_int=\count189
\l__regex_min_submatch_int=\count190
\l__regex_submatch_int=\count191
\l__regex_zeroth_submatch_int=\count192
\g__regex_trace_regex_int=\count193
\c_empty_box=\box39
\l_tmpa_box=\box40
\l_tmpb_box=\box41
\g_tmpa_box=\box42
\g_tmpb_box=\box43
\l__box_top_dim=\dimen159
\l__box_bottom_dim=\dimen160
\l__box_left_dim=\dimen161
\l__box_right_dim=\dimen162
\l__box_top_new_dim=\dimen163
\l__box_bottom_new_dim=\dimen164
\l__box_left_new_dim=\dimen165
\l__box_right_new_dim=\dimen166
\l__box_internal_box=\box44
\l__coffin_internal_box=\box45
\l__coffin_internal_dim=\dimen167
\l__coffin_offset_x_dim=\dimen168
\l__coffin_offset_y_dim=\dimen169
\l__coffin_x_dim=\dimen170
\l__coffin_y_dim=\dimen171
\l__coffin_x_prime_dim=\dimen172
\l__coffin_y_prime_dim=\dimen173
\c_empty_coffin=\box46
\l__coffin_aligned_coffin=\box47
\l__coffin_aligned_internal_coffin=\box48
\l_tmpa_coffin=\box49
\l_tmpb_coffin=\box50
\l__coffin_display_coffin=\box51
\l__coffin_display_coord_coffin=\box52
\l__coffin_display_pole_coffin=\box53
\l__coffin_display_offset_dim=\dimen174
\l__coffin_display_x_dim=\dimen175
\l__coffin_display_y_dim=\dimen176
\g__file_internal_ior=\read2
\l__coffin_bounding_shift_dim=\dimen177
\l__coffin_left_corner_dim=\dimen178
\l__coffin_right_corner_dim=\dimen179
\l__coffin_bottom_corner_dim=\dimen180
\l__coffin_top_corner_dim=\dimen181
\l__coffin_scaled_total_height_dim=\dimen182
\l__coffin_scaled_width_dim=\dimen183
\l__seq_internal_a_int=\count194
\l__seq_internal_b_int=\count195
)
(/usr/local/texlive/2018/texmf-dist/tex/latex/l3kernel/l3pdfmode.def
File: l3pdfmode.def 2018-10-31 v L3 Experimental driver: PDF mode
\l__driver_color_stack_int=\count196
))
Package: xparse 2018-10-17 L3 Experimental document command parser
\l__xparse_current_arg_int=\count197
\g__xparse_grabber_int=\count198
\l__xparse_m_args_int=\count199
\l__xparse_mandatory_args_int=\count266
\l__xparse_v_nesting_int=\count267
)
(/usr/local/texlive/2018/texmf-dist/tex/latex/oberdiek/letltxmacro.sty
Package: letltxmacro 2016/05/16 v1.5 Let assignment for LaTeX macros (HO)
)
(/usr/local/texlive/2018/texmf-dist/tex/generic/xstring/xstring.sty
(/usr/local/texlive/2018/texmf-dist/tex/generic/xstring/xstring.tex
\@xs@message=\write4
\integerpart=\count268
\decimalpart=\count269
)
Package: xstring 2013/10/13  v1.7c  String manipulations (C Tellechea)
)
\tikzscale@measuredSize=\box54
)
(/usr/local/texlive/2018/texmf-dist/tex/generic/pgf/frontendlayer/tikz/librarie
s/tikzlibraryshapes.code.tex
File: tikzlibraryshapes.code.tex 2008/01/09 v3.0.1a (rcs-revision 1.1)

(/usr/local/texlive/2018/texmf-dist/tex/generic/pgf/frontendlayer/tikz/librarie
s/tikzlibraryshapes.geometric.code.tex
File: tikzlibraryshapes.geometric.code.tex 2008/01/09 v3.0.1a (rcs-revision 1.1
)

(/usr/local/texlive/2018/texmf-dist/tex/generic/pgf/libraries/shapes/pgflibrary
shapes.geometric.code.tex
File: pgflibraryshapes.geometric.code.tex 2008/06/26 v3.0.1a (rcs-revision 1.1)

))
(/usr/local/texlive/2018/texmf-dist/tex/generic/pgf/frontendlayer/tikz/librarie
s/tikzlibraryshapes.misc.code.tex
File: tikzlibraryshapes.misc.code.tex 2008/01/09 v3.0.1a (rcs-revision 1.1)

(/usr/local/texlive/2018/texmf-dist/tex/generic/pgf/libraries/shapes/pgflibrary
shapes.misc.code.tex
File: pgflibraryshapes.misc.code.tex 2013/07/18 v3.0.1a (rcs-revision 1.5)
))
(/usr/local/texlive/2018/texmf-dist/tex/generic/pgf/frontendlayer/tikz/librarie
s/tikzlibraryshapes.symbols.code.tex
File: tikzlibraryshapes.symbols.code.tex 2008/01/09 v3.0.1a (rcs-revision 1.1)

(/usr/local/texlive/2018/texmf-dist/tex/generic/pgf/libraries/shapes/pgflibrary
shapes.symbols.code.tex
File: pgflibraryshapes.symbols.code.tex 2013/09/11 v3.0.1a (rcs-revision 1.6)
))
(/usr/local/texlive/2018/texmf-dist/tex/generic/pgf/frontendlayer/tikz/librarie
s/tikzlibraryshapes.arrows.code.tex
File: tikzlibraryshapes.arrows.code.tex 2008/01/09 v3.0.1a (rcs-revision 1.1)

(/usr/local/texlive/2018/texmf-dist/tex/generic/pgf/libraries/shapes/pgflibrary
shapes.arrows.code.tex
File: pgflibraryshapes.arrows.code.tex 2008/06/26 v3.0.1a (rcs-revision 1.1)
))
(/usr/local/texlive/2018/texmf-dist/tex/generic/pgf/frontendlayer/tikz/librarie
s/tikzlibraryshapes.callouts.code.tex
(/usr/local/texlive/2018/texmf-dist/tex/generic/pgf/libraries/shapes/pgflibrary
shapes.callouts.code.tex))
(/usr/local/texlive/2018/texmf-dist/tex/generic/pgf/frontendlayer/tikz/librarie
s/tikzlibraryshapes.multipart.code.tex
File: tikzlibraryshapes.multipart.code.tex 2008/01/09 v3.0.1a (rcs-revision 1.1
)

(/usr/local/texlive/2018/texmf-dist/tex/generic/pgf/libraries/shapes/pgflibrary
shapes.multipart.code.tex
File: pgflibraryshapes.multipart.code.tex 2010/01/07 v3.0.1a (rcs-revision 1.2)

\pgfnodepartlowerbox=\box55
\pgfnodeparttwobox=\box56
\pgfnodepartthreebox=\box57
\pgfnodepartfourbox=\box58
\pgfnodeparttwentybox=\box59
\pgfnodepartnineteenbox=\box60
\pgfnodeparteighteenbox=\box61
\pgfnodepartseventeenbox=\box62
\pgfnodepartsixteenbox=\box63
\pgfnodepartfifteenbox=\box64
\pgfnodepartfourteenbox=\box65
\pgfnodepartthirteenbox=\box66
\pgfnodeparttwelvebox=\box67
\pgfnodepartelevenbox=\box68
\pgfnodeparttenbox=\box69
\pgfnodepartninebox=\box70
\pgfnodeparteightbox=\box71
\pgfnodepartsevenbox=\box72
\pgfnodepartsixbox=\box73
\pgfnodepartfivebox=\box74
)))
(/usr/local/texlive/2018/texmf-dist/tex/latex/geometry/geometry.sty
Package: geometry 2018/04/16 v5.8 Page Geometry

(/usr/local/texlive/2018/texmf-dist/tex/generic/oberdiek/ifpdf.sty
Package: ifpdf 2018/09/07 v3.3 Provides the ifpdf switch
)
(/usr/local/texlive/2018/texmf-dist/tex/generic/oberdiek/ifvtex.sty
Package: ifvtex 2016/05/16 v1.6 Detect VTeX and its facilities (HO)
Package ifvtex Info: VTeX not detected.
)
(/usr/local/texlive/2018/texmf-dist/tex/generic/ifxetex/ifxetex.sty
Package: ifxetex 2010/09/12 v0.6 Provides ifxetex conditional
)
\Gm@cnth=\count270
\Gm@cntv=\count271
\c@Gm@tempcnt=\count272
\Gm@bindingoffset=\dimen184
\Gm@wd@mp=\dimen185
\Gm@odd@mp=\dimen186
\Gm@even@mp=\dimen187
\Gm@layoutwidth=\dimen188
\Gm@layoutheight=\dimen189
\Gm@layouthoffset=\dimen190
\Gm@layoutvoffset=\dimen191
\Gm@dimlist=\toks29
)
(/usr/local/texlive/2018/texmf-dist/tex/latex/csquotes/csquotes.sty
Package: csquotes 2018/04/13 v5.2d context-sensitive quotations (JAW)
\csq@reset=\count273
\csq@gtype=\count274
\csq@glevel=\count275
\csq@qlevel=\count276
\csq@maxlvl=\count277
\csq@tshold=\count278
\csq@ltx@everypar=\toks30

(/usr/local/texlive/2018/texmf-dist/tex/latex/csquotes/csquotes.def
File: csquotes.def 2018/04/13 v5.2d csquotes generic definitions (JAW)
)
Package csquotes Info: Trying to load configuration file 'csquotes.cfg'...
Package csquotes Info: ... configuration file loaded successfully.

(/usr/local/texlive/2018/texmf-dist/tex/latex/csquotes/csquotes.cfg
File: csquotes.cfg 
)
Package csquotes Info: Enabling multilingual quotes.
)
(/usr/local/texlive/2018/texmf-dist/tex/latex/caption/caption.sty
Package: caption 2018/10/06 v3.3-154 Customizing captions (AR)

(/usr/local/texlive/2018/texmf-dist/tex/latex/caption/caption3.sty
Package: caption3 2018/09/12 v1.8c caption3 kernel (AR)
Package caption3 Info: TeX engine: e-TeX on input line 64.
\captionmargin=\dimen192
\captionmargin@=\dimen193
\captionwidth=\dimen194
\caption@tempdima=\dimen195
\caption@indent=\dimen196
\caption@parindent=\dimen197
\caption@hangindent=\dimen198
)
Package caption Info: KOMA-Script document class.
\c@caption@flags=\count279
\c@ContinuedFloat=\count280
)
(/usr/local/texlive/2018/texmf-dist/tex/latex/caption/subcaption.sty
Package: subcaption 2018/05/01 v1.1-162 Sub-captions (AR)
\c@subfigure=\count281
\c@subtable=\count282
)
(/usr/local/texlive/2018/texmf-dist/tex/latex/minted/minted.sty
Package: minted 2017/07/19 v2.5 Yet another Pygments shim for LaTeX

(/usr/local/texlive/2018/texmf-dist/tex/latex/oberdiek/kvoptions.sty
Package: kvoptions 2016/05/16 v3.12 Key value format for package options (HO)

(/usr/local/texlive/2018/texmf-dist/tex/generic/oberdiek/ltxcmds.sty
Package: ltxcmds 2016/05/16 v1.23 LaTeX kernel commands for general use (HO)
)
(/usr/local/texlive/2018/texmf-dist/tex/generic/oberdiek/kvsetkeys.sty
Package: kvsetkeys 2016/05/16 v1.17 Key value parser (HO)

(/usr/local/texlive/2018/texmf-dist/tex/generic/oberdiek/infwarerr.sty
Package: infwarerr 2016/05/16 v1.4 Providing info/warning/error messages (HO)
)
(/usr/local/texlive/2018/texmf-dist/tex/generic/oberdiek/etexcmds.sty
Package: etexcmds 2016/05/16 v1.6 Avoid name clashes with e-TeX commands (HO)

(/usr/local/texlive/2018/texmf-dist/tex/generic/oberdiek/ifluatex.sty
Package: ifluatex 2016/05/16 v1.4 Provides the ifluatex switch (HO)
Package ifluatex Info: LuaTeX not detected.
)
Package etexcmds Info: Could not find \expanded.
(etexcmds)             That can mean that you are not using pdfTeX 1.50 or
(etexcmds)             that some package has redefined \expanded.
(etexcmds)             In the latter case, load this package earlier.
)))
(/usr/local/texlive/2018/texmf-dist/tex/latex/fvextra/fvextra.sty
Package: fvextra 2017/07/08 v1.3.1 fvextra - extensions and patches for fancyvr
b

(/usr/local/texlive/2018/texmf-dist/tex/latex/base/ifthen.sty
Package: ifthen 2014/09/29 v1.1c Standard LaTeX ifthen package (DPC)
)
(/usr/local/texlive/2018/texmf-dist/tex/latex/fancyvrb/fancyvrb.sty
Package: fancyvrb 2018/11/01

Style option: `fancyvrb' v3.0 <2018/11/01> (tvz)
\FV@CodeLineNo=\count283
\FV@InFile=\read3
\FV@TabBox=\box75
\c@FancyVerbLine=\count284
\FV@StepNumber=\count285
\FV@OutFile=\write5
)
(/usr/local/texlive/2018/texmf-dist/tex/latex/upquote/upquote.sty
Package: upquote 2012/04/19 v1.3 upright-quote and grave-accent glyphs in verba
tim
)
(/usr/local/texlive/2018/texmf-dist/tex/latex/lineno/lineno.sty
Package: lineno 2005/11/02 line numbers on paragraphs v4.41
\linenopenalty=\count286
\output=\toks31
\linenoprevgraf=\count287
\linenumbersep=\dimen199
\linenumberwidth=\dimen256
\c@linenumber=\count288
\c@pagewiselinenumber=\count289
\c@LN@truepage=\count290
\c@internallinenumber=\count291
\c@internallinenumbers=\count292
\quotelinenumbersep=\dimen257
\bframerule=\dimen258
\bframesep=\dimen259
\bframebox=\box76


LaTeX Warning: Command \@parboxrestore  has changed.
               Check if current package is valid.

LaTeX Info: Redefining \\ on input line 3056.
)

Package fvextra Warning: csquotes should be loaded after fvextra, to avoid a wa
rning from the lineno package on input line 37.

\c@FV@TrueTabGroupLevel=\count293
\c@FV@TrueTabCounter=\count294
\FV@TabBox@Group=\box77
\FV@TmpLength=\skip63
\c@FV@HighlightLinesStart=\count295
\c@FV@HighlightLinesStop=\count296
\FV@LoopCount=\count297
\FV@NCharsBox=\box78
\FV@BreakIndent=\dimen260
\FV@BreakIndentNChars=\count298
\FV@BreakSymbolSepLeft=\dimen261
\FV@BreakSymbolSepLeftNChars=\count299
\FV@BreakSymbolSepRight=\dimen262
\FV@BreakSymbolSepRightNChars=\count300
\FV@BreakSymbolIndentLeft=\dimen263
\FV@BreakSymbolIndentLeftNChars=\count301
\FV@BreakSymbolIndentRight=\dimen264
\FV@BreakSymbolIndentRightNChars=\count302
\c@FancyVerbLineBreakLast=\count303
\FV@LineBox=\box79
\FV@LineIndentBox=\box80
) (/usr/local/texlive/2018/texmf-dist/tex/latex/tools/calc.sty
Package: calc 2017/05/25 v4.3 Infix arithmetic (KKT,FJ)
\calc@Acount=\count304
\calc@Bcount=\count305
\calc@Adimen=\dimen265
\calc@Bdimen=\dimen266
\calc@Askip=\skip64
\calc@Bskip=\skip65
LaTeX Info: Redefining \setlength on input line 80.
LaTeX Info: Redefining \addtolength on input line 81.
\calc@Ccount=\count306
\calc@Cskip=\skip66
)
(/usr/local/texlive/2018/texmf-dist/tex/latex/tools/shellesc.sty
Package: shellesc 2016/06/07 v0.02a unified shell escape interface for LaTeX
Package shellesc Info: Unrestricted shell escape enabled on input line 67.
)
(/usr/local/texlive/2018/texmf-dist/tex/latex/ifplatform/ifplatform.sty
Package: ifplatform 2017/10/13 v0.4a Testing for the operating system

(/usr/local/texlive/2018/texmf-dist/tex/generic/oberdiek/pdftexcmds.sty
Package: pdftexcmds 2018/09/10 v0.29 Utility functions of pdfTeX for LuaTeX (HO
)
Package pdftexcmds Info: LuaTeX not detected.
Package pdftexcmds Info: \pdf@primitive is available.
Package pdftexcmds Info: \pdf@ifprimitive is available.
Package pdftexcmds Info: \pdfdraftmode found.
)
(/usr/local/texlive/2018/texmf-dist/tex/generic/oberdiek/catchfile.sty
Package: catchfile 2016/05/16 v1.7 Catch the contents of a file (HO)
)
runsystem(uname -s > "build/TypeScript-NiklasMollenhauer.w18")...executed.


(./build/TypeScript-NiklasMollenhauer.w18)
runsystem(rm -- "build/TypeScript-NiklasMollenhauer.w18")...executed.

)
(/usr/local/texlive/2018/texmf-dist/tex/latex/framed/framed.sty
Package: framed 2011/10/22 v 0.96: framed or shaded text with page breaks
\OuterFrameSep=\skip67
\fb@frw=\dimen267
\fb@frh=\dimen268
\FrameRule=\dimen269
\FrameSep=\dimen270
)
(/usr/local/texlive/2018/texmf-dist/tex/latex/float/float.sty
Package: float 2001/11/08 v1.3d Float enhancements (AL)
\c@float@type=\count307
\float@exts=\toks32
\float@box=\box81
\@float@everytoks=\toks33
\@floatcapt=\box82
)
\minted@appexistsfile=\read4
\minted@bgbox=\box83
\minted@code=\write6
\c@minted@FancyVerbLineTemp=\count308
\c@minted@pygmentizecounter=\count309
\@float@every@listing=\toks34
)
runsystem(mkdir -p _minted-build/TypeScript-NiklasMollenhauer)...executed.

 (./Commands.tex) (/usr/local/texlive/2018/texmf-dist/tex/latex/hyperref/hyperr
ef.sty
Package: hyperref 2018/09/30 v6.88a Hypertext links for LaTeX

(/usr/local/texlive/2018/texmf-dist/tex/generic/oberdiek/hobsub-hyperref.sty
Package: hobsub-hyperref 2016/05/16 v1.14 Bundle oberdiek, subset hyperref (HO)


(/usr/local/texlive/2018/texmf-dist/tex/generic/oberdiek/hobsub-generic.sty
Package: hobsub-generic 2016/05/16 v1.14 Bundle oberdiek, subset generic (HO)
Package: hobsub 2016/05/16 v1.14 Construct package bundles (HO)
Package hobsub Info: Skipping package `infwarerr' (already loaded).
Package hobsub Info: Skipping package `ltxcmds' (already loaded).
Package hobsub Info: Skipping package `ifluatex' (already loaded).
Package hobsub Info: Skipping package `ifvtex' (already loaded).
Package: intcalc 2016/05/16 v1.2 Expandable calculations with integers (HO)
Package hobsub Info: Skipping package `ifpdf' (already loaded).
Package hobsub Info: Skipping package `etexcmds' (already loaded).
Package hobsub Info: Skipping package `kvsetkeys' (already loaded).
Package: kvdefinekeys 2016/05/16 v1.4 Define keys (HO)
Package hobsub Info: Skipping package `pdftexcmds' (already loaded).
Package: pdfescape 2016/05/16 v1.14 Implements pdfTeX's escape features (HO)
Package: bigintcalc 2016/05/16 v1.4 Expandable calculations on big integers (HO
)
Package: bitset 2016/05/16 v1.2 Handle bit-vector datatype (HO)
Package: uniquecounter 2016/05/16 v1.3 Provide unlimited unique counter (HO)
)
Package hobsub Info: Skipping package `hobsub' (already loaded).
Package hobsub Info: Skipping package `letltxmacro' (already loaded).
Package: hopatch 2016/05/16 v1.3 Wrapper for package hooks (HO)
Package: xcolor-patch 2016/05/16 xcolor patch
Package: atveryend 2016/05/16 v1.9 Hooks at the very end of document (HO)
Package: atbegshi 2016/06/09 v1.18 At begin shipout hook (HO)
Package: refcount 2016/05/16 v3.5 Data extraction from label references (HO)
Package: hycolor 2016/05/16 v1.8 Color options for hyperref/bookmark (HO)
)
(/usr/local/texlive/2018/texmf-dist/tex/latex/oberdiek/auxhook.sty
Package: auxhook 2016/05/16 v1.4 Hooks for auxiliary files (HO)
)
\@linkdim=\dimen271
\Hy@linkcounter=\count310
\Hy@pagecounter=\count311

(/usr/local/texlive/2018/texmf-dist/tex/latex/hyperref/pd1enc.def
File: pd1enc.def 2018/09/30 v6.88a Hyperref: PDFDocEncoding definition (HO)
Now handling font encoding PD1 ...
... no UTF-8 mapping file for font encoding PD1
)
\Hy@SavedSpaceFactor=\count312

(/usr/local/texlive/2018/texmf-dist/tex/latex/latexconfig/hyperref.cfg
File: hyperref.cfg 2002/06/06 v1.2 hyperref configuration of TeXLive
)
Package hyperref Info: Hyper figures OFF on input line 4535.
Package hyperref Info: Link nesting OFF on input line 4540.
Package hyperref Info: Hyper index ON on input line 4543.
Package hyperref Info: Plain pages OFF on input line 4550.
Package hyperref Info: Backreferencing OFF on input line 4555.
Package hyperref Info: Implicit mode ON; LaTeX internals redefined.
Package hyperref Info: Bookmarks ON on input line 4788.
\c@Hy@tempcnt=\count313

(/usr/local/texlive/2018/texmf-dist/tex/latex/url/url.sty
\Urlmuskip=\muskip16
Package: url 2013/09/16  ver 3.4  Verb mode for urls, etc.
)
LaTeX Info: Redefining \url on input line 5141.
\XeTeXLinkMargin=\dimen272
\Fld@menulength=\count314
\Field@Width=\dimen273
\Fld@charsize=\dimen274
Package hyperref Info: Hyper figures OFF on input line 6396.
Package hyperref Info: Link nesting OFF on input line 6401.
Package hyperref Info: Hyper index ON on input line 6404.
Package hyperref Info: backreferencing OFF on input line 6411.
Package hyperref Info: Link coloring OFF on input line 6416.
Package hyperref Info: Link coloring with OCG OFF on input line 6421.
Package hyperref Info: PDF/A mode OFF on input line 6426.
LaTeX Info: Redefining \ref on input line 6466.
LaTeX Info: Redefining \pageref on input line 6470.
\Hy@abspage=\count315
\c@Item=\count316
\c@Hfootnote=\count317
)
Package hyperref Info: Driver (autodetected): hpdftex.

(/usr/local/texlive/2018/texmf-dist/tex/latex/hyperref/hpdftex.def
File: hpdftex.def 2018/09/30 v6.88a Hyperref driver for pdfTeX
\Fld@listcount=\count318
\c@bookmark@seq@number=\count319

(/usr/local/texlive/2018/texmf-dist/tex/latex/oberdiek/rerunfilecheck.sty
Package: rerunfilecheck 2016/05/16 v1.8 Rerun checks for auxiliary files (HO)
Package uniquecounter Info: New unique counter `rerunfilecheck' on input line 2
82.
)
\Hy@SectionHShift=\skip68
))
\tikzscale@accuracy=\skip69
Package csquotes Info: Checking for multilingual support...
Package csquotes Info: ... found 'babel' package.
runsystem(which pygmentize && touch build/TypeScript-NiklasMollenhauer.aex)...e
xecuted.

runsystem(rm build/TypeScript-NiklasMollenhauer.aex)...executed.


(./build/TypeScript-NiklasMollenhauer.aux)
\openout1 = `build/TypeScript-NiklasMollenhauer.aux'.

LaTeX Font Info:    Checking defaults for OML/cmm/m/it on input line 12.
LaTeX Font Info:    ... okay on input line 12.
LaTeX Font Info:    Checking defaults for T1/cmr/m/n on input line 12.
LaTeX Font Info:    ... okay on input line 12.
LaTeX Font Info:    Checking defaults for OT1/cmr/m/n on input line 12.
LaTeX Font Info:    ... okay on input line 12.
LaTeX Font Info:    Checking defaults for OMS/cmsy/m/n on input line 12.
LaTeX Font Info:    ... okay on input line 12.
LaTeX Font Info:    Checking defaults for OMX/cmex/m/n on input line 12.
LaTeX Font Info:    ... okay on input line 12.
LaTeX Font Info:    Checking defaults for U/cmr/m/n on input line 12.
LaTeX Font Info:    ... okay on input line 12.
LaTeX Font Info:    Checking defaults for PD1/pdf/m/n on input line 12.
LaTeX Font Info:    ... okay on input line 12.

(/usr/local/texlive/2018/texmf-dist/tex/context/base/mkii/supp-pdf.mkii
[Loading MPS to PDF converter (version 2006.09.02).]
\scratchcounter=\count320
\scratchdimen=\dimen275
\scratchbox=\box84
\nofMPsegments=\count321
\nofMParguments=\count322
\everyMPshowfont=\toks35
\MPscratchCnt=\count323
\MPscratchDim=\dimen276
\MPnumerator=\count324
\makeMPintoPDFobject=\count325
\everyMPtoPDFconversion=\toks36
) (/usr/local/texlive/2018/texmf-dist/tex/latex/oberdiek/epstopdf-base.sty
Package: epstopdf-base 2016/05/15 v2.6 Base part for package epstopdf

(/usr/local/texlive/2018/texmf-dist/tex/latex/oberdiek/grfext.sty
Package: grfext 2016/05/16 v1.2 Manage graphics extensions (HO)
)
Package epstopdf-base Info: Redefining graphics rule for `.eps' on input line 4
38.
Package grfext Info: Graphics extension search list:
(grfext)             [.tikz,.TIKZ,.TikZ,.pgf,.PGF,.pdf,.png,.jpg,.mps,.jpeg,.jb
ig2,.jb2,.PDF,.PNG,.JPG,.JPEG,.JBIG2,.JB2,.eps]
(grfext)             \AppendGraphicsExtensions on input line 456.

(/usr/local/texlive/2018/texmf-dist/tex/latex/latexconfig/epstopdf-sys.cfg
File: epstopdf-sys.cfg 2010/07/13 v1.3 Configuration of (r)epstopdf for TeX Liv
e
))
ABD: EveryShipout initializing macros
*geometry* driver: auto-detecting
*geometry* detected driver: pdftex
*geometry* verbose mode - [ preamble ] result:
* driver: pdftex
* paper: a4paper
* layout: <same size as paper>
* layoutoffset:(h,v)=(0.0pt,0.0pt)
* modes: 
* h-part:(L,W,R)=(42.67912pt, 512.14963pt, 42.67912pt)
* v-part:(T,H,B)=(42.67912pt, 731.23584pt, 71.13188pt)
* \paperwidth=597.50787pt
* \paperheight=845.04684pt
* \textwidth=512.14963pt
* \textheight=731.23584pt
* \oddsidemargin=-29.59087pt
* \evensidemargin=-29.59087pt
* \topmargin=-66.99088pt
* \headheight=17.0pt
* \headsep=20.40001pt
* \topskip=11.0pt
* \footskip=47.6pt
* \marginparwidth=59.7508pt
* \marginparsep=12.8401pt
* \columnsep=10.0pt
* \skip\footins=10.0pt plus 4.0pt minus 2.0pt
* \hoffset=0.0pt
* \voffset=0.0pt
* \mag=1000
* \@twocolumnfalse
* \@twosidefalse
* \@mparswitchfalse
* \@reversemarginfalse
* (1in=72.27pt=25.4mm, 1cm=28.453pt)

Package caption Info: Begin \AtBeginDocument code.
Package caption Info: float package is loaded.
Package caption Info: hyperref package is loaded.
Package caption Info: End \AtBeginDocument code.
\AtBeginShipoutBox=\box85
Package hyperref Info: Link coloring OFF on input line 12.
(/usr/local/texlive/2018/texmf-dist/tex/latex/hyperref/nameref.sty
Package: nameref 2016/05/21 v2.44 Cross-referencing by name of section

(/usr/local/texlive/2018/texmf-dist/tex/generic/oberdiek/gettitlestring.sty
Package: gettitlestring 2016/05/16 v1.5 Cleanup title references (HO)
)
\c@section@level=\count326
)
LaTeX Info: Redefining \ref on input line 12.
LaTeX Info: Redefining \pageref on input line 12.
LaTeX Info: Redefining \nameref on input line 12.

(./build/TypeScript-NiklasMollenhauer.out)
(./build/TypeScript-NiklasMollenhauer.out)
\@outlinefile=\write7
\openout7 = `build/TypeScript-NiklasMollenhauer.out'.

LaTeX Font Info:    External font `cmex10' loaded for size
(Font)              <14.4> on input line 15.
LaTeX Font Info:    External font `cmex10' loaded for size
(Font)              <7> on input line 15.
 [1


{/usr/local/texlive/2018/texmf-var/fonts/map/pdftex/updmap/pdftex.map}]
\openout6 = `build/TypeScript-NiklasMollenhauer.pyg'.


(./_minted-build/TypeScript-NiklasMollenhauer/default-pyg-prefix.pygstyle)
(./_minted-build/TypeScript-NiklasMollenhauer/tango.pygstyle)
(./_minted-build/TypeScript-NiklasMollenhauer/B80FA55B1234F1935CEA559D9EFBC39A9
8BAFA22BFE47D3EEBC3D1D7D913EDA1.pygtex
LaTeX Font Info:    Font shape `OT1/cmtt/bx/n' in size <10.95> not available
(Font)              Font shape `OT1/cmtt/m/n' tried instead on input line 2.
)
\openout6 = `build/TypeScript-NiklasMollenhauer.pyg'.


(./_minted-build/TypeScript-NiklasMollenhauer/F3A2A427C0020A4AF9259B4115EB8DA39
8BAFA22BFE47D3EEBC3D1D7D913EDA1.pygtex)
\openout6 = `build/TypeScript-NiklasMollenhauer.pyg'.


(./_minted-build/TypeScript-NiklasMollenhauer/A447E80E0A8DEA9A4DF611D62F2201539
8BAFA22BFE47D3EEBC3D1D7D913EDA1.pygtex)
\openout6 = `build/TypeScript-NiklasMollenhauer.pyg'.


(./_minted-build/TypeScript-NiklasMollenhauer/F3A2A427C0020A4AF9259B4115EB8DA39
8BAFA22BFE47D3EEBC3D1D7D913EDA1.pygtex)
\openout6 = `build/TypeScript-NiklasMollenhauer.pyg'.


(./_minted-build/TypeScript-NiklasMollenhauer/674441960CA1BA2DE08AD4E50C9FDE989
8BAFA22BFE47D3EEBC3D1D7D913EDA1.pygtex)
\openout6 = `build/TypeScript-NiklasMollenhauer.pyg'.


(./_minted-build/TypeScript-NiklasMollenhauer/002BCAA7BE0E2AA3D666479C6A58CC919
8BAFA22BFE47D3EEBC3D1D7D913EDA1.pygtex)
\openout6 = `build/TypeScript-NiklasMollenhauer.pyg'.


(./_minted-build/TypeScript-NiklasMollenhauer/002BCAA7BE0E2AA3D666479C6A58CC919
8BAFA22BFE47D3EEBC3D1D7D913EDA1.pygtex)
\openout6 = `build/TypeScript-NiklasMollenhauer.pyg'.


(./_minted-build/TypeScript-NiklasMollenhauer/674441960CA1BA2DE08AD4E50C9FDE989
8BAFA22BFE47D3EEBC3D1D7D913EDA1.pygtex)
\openout6 = `build/TypeScript-NiklasMollenhauer.pyg'.


(./_minted-build/TypeScript-NiklasMollenhauer/002BCAA7BE0E2AA3D666479C6A58CC919
8BAFA22BFE47D3EEBC3D1D7D913EDA1.pygtex)
\openout6 = `build/TypeScript-NiklasMollenhauer.pyg'.


(./_minted-build/TypeScript-NiklasMollenhauer/002BCAA7BE0E2AA3D666479C6A58CC919
8BAFA22BFE47D3EEBC3D1D7D913EDA1.pygtex)
\openout6 = `build/TypeScript-NiklasMollenhauer.pyg'.


(./_minted-build/TypeScript-NiklasMollenhauer/F78FFCB5C1E00AC6DC34B14F9971BF1B9
8BAFA22BFE47D3EEBC3D1D7D913EDA1.pygtex)
\openout6 = `build/TypeScript-NiklasMollenhauer.pyg'.


(./_minted-build/TypeScript-NiklasMollenhauer/F78FFCB5C1E00AC6DC34B14F9971BF1B9
8BAFA22BFE47D3EEBC3D1D7D913EDA1.pygtex)
\openout6 = `build/TypeScript-NiklasMollenhauer.pyg'.


(./_minted-build/TypeScript-NiklasMollenhauer/5D73F6E1684C045C456A5DEE339059EE9
8BAFA22BFE47D3EEBC3D1D7D913EDA1.pygtex)
\openout6 = `build/TypeScript-NiklasMollenhauer.pyg'.


(./_minted-build/TypeScript-NiklasMollenhauer/17C537FBC72988FFFEBA154EFA43223A9
8BAFA22BFE47D3EEBC3D1D7D913EDA1.pygtex)
\openout6 = `build/TypeScript-NiklasMollenhauer.pyg'.


(./_minted-build/TypeScript-NiklasMollenhauer/9A14F43B511911C816912932D447543CC
F2C44C9382D620ED7CCB4563EB71865.pygtex)
\openout6 = `build/TypeScript-NiklasMollenhauer.pyg'.


(./_minted-build/TypeScript-NiklasMollenhauer/78D2C1F50E67BC0E9A47BEEA1C71A8E4C
F2C44C9382D620ED7CCB4563EB71865.pygtex)
\openout6 = `build/TypeScript-NiklasMollenhauer.pyg'.


(./_minted-build/TypeScript-NiklasMollenhauer/78D2C1F50E67BC0E9A47BEEA1C71A8E4C
F2C44C9382D620ED7CCB4563EB71865.pygtex)
\openout6 = `build/TypeScript-NiklasMollenhauer.pyg'.


(./_minted-build/TypeScript-NiklasMollenhauer/90488E4905A81F655CA96D0B2BD678FD9
8BAFA22BFE47D3EEBC3D1D7D913EDA1.pygtex)
\openout6 = `build/TypeScript-NiklasMollenhauer.pyg'.


(./_minted-build/TypeScript-NiklasMollenhauer/EB260E9AE827821BECEEED4104F0AD89C
F2C44C9382D620ED7CCB4563EB71865.pygtex)
\openout6 = `build/TypeScript-NiklasMollenhauer.pyg'.


(./_minted-build/TypeScript-NiklasMollenhauer/401B30E3B8B5D629635A5C613CDB7919C
F2C44C9382D620ED7CCB4563EB71865.pygtex)
\openout6 = `build/TypeScript-NiklasMollenhauer.pyg'.


(./_minted-build/TypeScript-NiklasMollenhauer/009520053B00386D1173F3988C55D192C
F2C44C9382D620ED7CCB4563EB71865.pygtex)
(./_minted-build/TypeScript-NiklasMollenhauer/B65FA739D81FFB76DE5B5FEFCACB2CF7B
AA1D66419A7622AF061C49D0CEDC76B.pygtex
LaTeX Font Info:    Font shape `OT1/cmtt/bx/n' in size <9> not available
(Font)              Font shape `OT1/cmtt/m/n' tried instead on input line 2.
)
\openout6 = `build/TypeScript-NiklasMollenhauer.pyg'.


(./_minted-build/TypeScript-NiklasMollenhauer/7EF08EA6F5B2A41B23E94C5C1B7EA950C
F2C44C9382D620ED7CCB4563EB71865.pygtex)
\openout6 = `build/TypeScript-NiklasMollenhauer.pyg'.


(./_minted-build/TypeScript-NiklasMollenhauer/EB260E9AE827821BECEEED4104F0AD89C
F2C44C9382D620ED7CCB4563EB71865.pygtex)
\openout6 = `build/TypeScript-NiklasMollenhauer.pyg'.


(./_minted-build/TypeScript-NiklasMollenhauer/59D0D19FC45CA69230D858F60A5557F8C
F2C44C9382D620ED7CCB4563EB71865.pygtex)
\openout6 = `build/TypeScript-NiklasMollenhauer.pyg'.


(./_minted-build/TypeScript-NiklasMollenhauer/7EF08EA6F5B2A41B23E94C5C1B7EA950C
F2C44C9382D620ED7CCB4563EB71865.pygtex)
\openout6 = `build/TypeScript-NiklasMollenhauer.pyg'.


(./_minted-build/TypeScript-NiklasMollenhauer/831E85F8DC965FE9C59AC48245D042E0C
F2C44C9382D620ED7CCB4563EB71865.pygtex)
\openout6 = `build/TypeScript-NiklasMollenhauer.pyg'.


(./_minted-build/TypeScript-NiklasMollenhauer/20A882C5C27D7D7200ED5F431204314F9
8BAFA22BFE47D3EEBC3D1D7D913EDA1.pygtex)
\openout6 = `build/TypeScript-NiklasMollenhauer.pyg'.


(./_minted-build/TypeScript-NiklasMollenhauer/20A882C5C27D7D7200ED5F431204314F9
8BAFA22BFE47D3EEBC3D1D7D913EDA1.pygtex)
\openout6 = `build/TypeScript-NiklasMollenhauer.pyg'.


(./_minted-build/TypeScript-NiklasMollenhauer/9CD599A3523898E6A12E13EC787DA50A9
8BAFA22BFE47D3EEBC3D1D7D913EDA1.pygtex)
\openout6 = `build/TypeScript-NiklasMollenhauer.pyg'.


(./_minted-build/TypeScript-NiklasMollenhauer/AA62CBA149C51923916EFF46F80FE74CC
F2C44C9382D620ED7CCB4563EB71865.pygtex)
\openout6 = `build/TypeScript-NiklasMollenhauer.pyg'.


(./_minted-build/TypeScript-NiklasMollenhauer/AA62CBA149C51923916EFF46F80FE74CC
F2C44C9382D620ED7CCB4563EB71865.pygtex)
\openout6 = `build/TypeScript-NiklasMollenhauer.pyg'.


(./_minted-build/TypeScript-NiklasMollenhauer/78D2C1F50E67BC0E9A47BEEA1C71A8E4C
F2C44C9382D620ED7CCB4563EB71865.pygtex)
\openout6 = `build/TypeScript-NiklasMollenhauer.pyg'.


(./_minted-build/TypeScript-NiklasMollenhauer/71D604D69FD8D8A9B06606934651A0E4C
F2C44C9382D620ED7CCB4563EB71865.pygtex) [2]
\openout6 = `build/TypeScript-NiklasMollenhauer.pyg'.


(./_minted-build/TypeScript-NiklasMollenhauer/18697449D7C48CF32CDD4F14857E68EEC
F2C44C9382D620ED7CCB4563EB71865.pygtex)
\openout6 = `build/TypeScript-NiklasMollenhauer.pyg'.


(./_minted-build/TypeScript-NiklasMollenhauer/2B28C0008B4B28E4DC9643D0EB00796FC
F2C44C9382D620ED7CCB4563EB71865.pygtex)
\openout6 = `build/TypeScript-NiklasMollenhauer.pyg'.


(./_minted-build/TypeScript-NiklasMollenhauer/CDBC593DF17909A26BC70FDE4C59ECA79
8BAFA22BFE47D3EEBC3D1D7D913EDA1.pygtex)
\openout6 = `build/TypeScript-NiklasMollenhauer.pyg'.


(./_minted-build/TypeScript-NiklasMollenhauer/3871AD4197E26C008B2F8F881000663F9
8BAFA22BFE47D3EEBC3D1D7D913EDA1.pygtex)
\openout6 = `build/TypeScript-NiklasMollenhauer.pyg'.


(./_minted-build/TypeScript-NiklasMollenhauer/B80FA55B1234F1935CEA559D9EFBC39A9
8BAFA22BFE47D3EEBC3D1D7D913EDA1.pygtex)
\openout6 = `build/TypeScript-NiklasMollenhauer.pyg'.


(./_minted-build/TypeScript-NiklasMollenhauer/F3A2A427C0020A4AF9259B4115EB8DA39
8BAFA22BFE47D3EEBC3D1D7D913EDA1.pygtex)
\openout6 = `build/TypeScript-NiklasMollenhauer.pyg'.


(./_minted-build/TypeScript-NiklasMollenhauer/CA0B1C26E4FE93007BCDCBB8E774884DC
F2C44C9382D620ED7CCB4563EB71865.pygtex)
\openout6 = `build/TypeScript-NiklasMollenhauer.pyg'.


(./_minted-build/TypeScript-NiklasMollenhauer/CCFF5A3F64E4C6A767DA29BC47E9A6F4C
F2C44C9382D620ED7CCB4563EB71865.pygtex)
\openout6 = `build/TypeScript-NiklasMollenhauer.pyg'.


(./_minted-build/TypeScript-NiklasMollenhauer/5603FC0AAF6C942761150987F0199A3C9
8BAFA22BFE47D3EEBC3D1D7D913EDA1.pygtex)
\openout6 = `build/TypeScript-NiklasMollenhauer.pyg'.


(./_minted-build/TypeScript-NiklasMollenhauer/74D9A83219CABAAB06A69FD318873F339
8BAFA22BFE47D3EEBC3D1D7D913EDA1.pygtex)
\openout6 = `build/TypeScript-NiklasMollenhauer.pyg'.


(./_minted-build/TypeScript-NiklasMollenhauer/CCFF5A3F64E4C6A767DA29BC47E9A6F4C
F2C44C9382D620ED7CCB4563EB71865.pygtex)
\openout6 = `build/TypeScript-NiklasMollenhauer.pyg'.


(./_minted-build/TypeScript-NiklasMollenhauer/D42F2DA1DF5ECDF29BE4AC27EDDA0C129
8BAFA22BFE47D3EEBC3D1D7D913EDA1.pygtex)
\openout6 = `build/TypeScript-NiklasMollenhauer.pyg'.


(./_minted-build/TypeScript-NiklasMollenhauer/CA0B1C26E4FE93007BCDCBB8E774884DC
F2C44C9382D620ED7CCB4563EB71865.pygtex)
LaTeX Font Info:    External font `cmex10' loaded for size
(Font)              <10.95> on input line 154.
LaTeX Font Info:    External font `cmex10' loaded for size
(Font)              <8> on input line 154.
LaTeX Font Info:    External font `cmex10' loaded for size
(Font)              <6> on input line 154.
LaTeX Font Info:    External font `cmex10' loaded for size
(Font)              <9> on input line 154.
LaTeX Font Info:    External font `cmex10' loaded for size
(Font)              <5> on input line 154.
\openout6 = `build/TypeScript-NiklasMollenhauer.pyg'.


(./_minted-build/TypeScript-NiklasMollenhauer/4B3332D8AA9AAA201B83DF032F3BB2019
8BAFA22BFE47D3EEBC3D1D7D913EDA1.pygtex)
\openout6 = `build/TypeScript-NiklasMollenhauer.pyg'.


(./_minted-build/TypeScript-NiklasMollenhauer/72FCA764611530DFF66340CDC99599F89
8BAFA22BFE47D3EEBC3D1D7D913EDA1.pygtex)
\openout6 = `build/TypeScript-NiklasMollenhauer.pyg'.


(./_minted-build/TypeScript-NiklasMollenhauer/18697449D7C48CF32CDD4F14857E68EEC
F2C44C9382D620ED7CCB4563EB71865.pygtex)
\openout6 = `build/TypeScript-NiklasMollenhauer.pyg'.


(./_minted-build/TypeScript-NiklasMollenhauer/2B28C0008B4B28E4DC9643D0EB00796FC
F2C44C9382D620ED7CCB4563EB71865.pygtex)
\openout6 = `build/TypeScript-NiklasMollenhauer.pyg'.


(./_minted-build/TypeScript-NiklasMollenhauer/4F98663772651C870E911982E991D0D9C
F2C44C9382D620ED7CCB4563EB71865.pygtex)
\openout6 = `build/TypeScript-NiklasMollenhauer.pyg'.


(./_minted-build/TypeScript-NiklasMollenhauer/F70C2F87ED2BFDEDDDE86A8888C6DA21C
F2C44C9382D620ED7CCB4563EB71865.pygtex)
\openout6 = `build/TypeScript-NiklasMollenhauer.pyg'.


(./_minted-build/TypeScript-NiklasMollenhauer/1B2E321569174C630F828667DBC90F50C
F2C44C9382D620ED7CCB4563EB71865.pygtex)
\openout6 = `build/TypeScript-NiklasMollenhauer.pyg'.


(./_minted-build/TypeScript-NiklasMollenhauer/71D604D69FD8D8A9B06606934651A0E4C
F2C44C9382D620ED7CCB4563EB71865.pygtex)
\openout6 = `build/TypeScript-NiklasMollenhauer.pyg'.


(./_minted-build/TypeScript-NiklasMollenhauer/72FCA764611530DFF66340CDC99599F89
8BAFA22BFE47D3EEBC3D1D7D913EDA1.pygtex) [3]
(./_minted-build/TypeScript-NiklasMollenhauer/F850D61061B4F476F4AD4154819AEE819
A09C941C6A68A5C82A79CF54CF322E4.pygtex)
\openout6 = `build/TypeScript-NiklasMollenhauer.pyg'.


(./_minted-build/TypeScript-NiklasMollenhauer/18697449D7C48CF32CDD4F14857E68EEC
F2C44C9382D620ED7CCB4563EB71865.pygtex)
\openout6 = `build/TypeScript-NiklasMollenhauer.pyg'.


(./_minted-build/TypeScript-NiklasMollenhauer/2B28C0008B4B28E4DC9643D0EB00796FC
F2C44C9382D620ED7CCB4563EB71865.pygtex)
\openout6 = `build/TypeScript-NiklasMollenhauer.pyg'.


(./_minted-build/TypeScript-NiklasMollenhauer/E600F9080729DEB8E901DBE9C03901BCC
F2C44C9382D620ED7CCB4563EB71865.pygtex)
\openout6 = `build/TypeScript-NiklasMollenhauer.pyg'.


(./_minted-build/TypeScript-NiklasMollenhauer/72FCA764611530DFF66340CDC99599F8C
F2C44C9382D620ED7CCB4563EB71865.pygtex)
\openout6 = `build/TypeScript-NiklasMollenhauer.pyg'.


(./_minted-build/TypeScript-NiklasMollenhauer/002BCAA7BE0E2AA3D666479C6A58CC919
8BAFA22BFE47D3EEBC3D1D7D913EDA1.pygtex)
\openout6 = `build/TypeScript-NiklasMollenhauer.pyg'.


(./_minted-build/TypeScript-NiklasMollenhauer/18697449D7C48CF32CDD4F14857E68EEC
F2C44C9382D620ED7CCB4563EB71865.pygtex)
\openout6 = `build/TypeScript-NiklasMollenhauer.pyg'.


(./_minted-build/TypeScript-NiklasMollenhauer/9CF56F394795D96B937A6A5E9929EA9DC
F2C44C9382D620ED7CCB4563EB71865.pygtex)
\openout6 = `build/TypeScript-NiklasMollenhauer.pyg'.


(./_minted-build/TypeScript-NiklasMollenhauer/002BCAA7BE0E2AA3D666479C6A58CC919
8BAFA22BFE47D3EEBC3D1D7D913EDA1.pygtex)
\openout6 = `build/TypeScript-NiklasMollenhauer.pyg'.


(./_minted-build/TypeScript-NiklasMollenhauer/72FCA764611530DFF66340CDC99599F8C
F2C44C9382D620ED7CCB4563EB71865.pygtex)
\openout6 = `build/TypeScript-NiklasMollenhauer.pyg'.


(./_minted-build/TypeScript-NiklasMollenhauer/0C6E1A13B11D169800B582E64BEBDEC1C
F2C44C9382D620ED7CCB4563EB71865.pygtex)
\openout6 = `build/TypeScript-NiklasMollenhauer.pyg'.


(./_minted-build/TypeScript-NiklasMollenhauer/4F98663772651C870E911982E991D0D9C
F2C44C9382D620ED7CCB4563EB71865.pygtex)
\openout6 = `build/TypeScript-NiklasMollenhauer.pyg'.


(./_minted-build/TypeScript-NiklasMollenhauer/E600F9080729DEB8E901DBE9C03901BCC
F2C44C9382D620ED7CCB4563EB71865.pygtex)
\openout6 = `build/TypeScript-NiklasMollenhauer.pyg'.


(./_minted-build/TypeScript-NiklasMollenhauer/72FCA764611530DFF66340CDC99599F8C
F2C44C9382D620ED7CCB4563EB71865.pygtex)
\openout6 = `build/TypeScript-NiklasMollenhauer.pyg'.


(./_minted-build/TypeScript-NiklasMollenhauer/E600F9080729DEB8E901DBE9C03901BCC
F2C44C9382D620ED7CCB4563EB71865.pygtex) [4]
\openout6 = `build/TypeScript-NiklasMollenhauer.pyg'.


(./_minted-build/TypeScript-NiklasMollenhauer/1E60DBBAD25E192A1C732411C017AE8E9
8BAFA22BFE47D3EEBC3D1D7D913EDA1.pygtex)
\openout6 = `build/TypeScript-NiklasMollenhauer.pyg'.


(./_minted-build/TypeScript-NiklasMollenhauer/1E60DBBAD25E192A1C732411C017AE8E9
8BAFA22BFE47D3EEBC3D1D7D913EDA1.pygtex)
\openout6 = `build/TypeScript-NiklasMollenhauer.pyg'.


(./_minted-build/TypeScript-NiklasMollenhauer/DD34E94B95ABF02E177B48F0366099D99
8BAFA22BFE47D3EEBC3D1D7D913EDA1.pygtex)
\openout6 = `build/TypeScript-NiklasMollenhauer.pyg'.


(./_minted-build/TypeScript-NiklasMollenhauer/9E7B964750CF0BB08EE960FCE356B6D69
8BAFA22BFE47D3EEBC3D1D7D913EDA1.pygtex)
\openout6 = `build/TypeScript-NiklasMollenhauer.pyg'.


(./_minted-build/TypeScript-NiklasMollenhauer/DD34E94B95ABF02E177B48F0366099D99
8BAFA22BFE47D3EEBC3D1D7D913EDA1.pygtex)
\openout6 = `build/TypeScript-NiklasMollenhauer.pyg'.


(./_minted-build/TypeScript-NiklasMollenhauer/9E7B964750CF0BB08EE960FCE356B6D69
8BAFA22BFE47D3EEBC3D1D7D913EDA1.pygtex)
\openout6 = `build/TypeScript-NiklasMollenhauer.pyg'.


(./_minted-build/TypeScript-NiklasMollenhauer/9E7B964750CF0BB08EE960FCE356B6D69
8BAFA22BFE47D3EEBC3D1D7D913EDA1.pygtex)
\openout6 = `build/TypeScript-NiklasMollenhauer.pyg'.


(./_minted-build/TypeScript-NiklasMollenhauer/B79E1AD8125FADA86F8C07662E595084C
F2C44C9382D620ED7CCB4563EB71865.pygtex)
\openout6 = `build/TypeScript-NiklasMollenhauer.pyg'.


(./_minted-build/TypeScript-NiklasMollenhauer/D94AF4B8842B84D66B2E26778394863BC
F2C44C9382D620ED7CCB4563EB71865.pygtex)
\openout6 = `build/TypeScript-NiklasMollenhauer.pyg'.


(./_minted-build/TypeScript-NiklasMollenhauer/10AAA98F555EE5B70B460F4E83AFAE209
8BAFA22BFE47D3EEBC3D1D7D913EDA1.pygtex)
\openout6 = `build/TypeScript-NiklasMollenhauer.pyg'.


(./_minted-build/TypeScript-NiklasMollenhauer/F3A2A427C0020A4AF9259B4115EB8DA39
8BAFA22BFE47D3EEBC3D1D7D913EDA1.pygtex)
\openout6 = `build/TypeScript-NiklasMollenhauer.pyg'.


(./_minted-build/TypeScript-NiklasMollenhauer/B80FA55B1234F1935CEA559D9EFBC39A9
8BAFA22BFE47D3EEBC3D1D7D913EDA1.pygtex)
\openout6 = `build/TypeScript-NiklasMollenhauer.pyg'.


(./_minted-build/TypeScript-NiklasMollenhauer/F3A2A427C0020A4AF9259B4115EB8DA39
8BAFA22BFE47D3EEBC3D1D7D913EDA1.pygtex)
\openout6 = `build/TypeScript-NiklasMollenhauer.pyg'.


(./_minted-build/TypeScript-NiklasMollenhauer/B80FA55B1234F1935CEA559D9EFBC39A9
8BAFA22BFE47D3EEBC3D1D7D913EDA1.pygtex)
\openout6 = `build/TypeScript-NiklasMollenhauer.pyg'.


(./_minted-build/TypeScript-NiklasMollenhauer/211FFE8A9AD41F3423CAC7E97D954A219
8BAFA22BFE47D3EEBC3D1D7D913EDA1.pygtex)
\openout6 = `build/TypeScript-NiklasMollenhauer.pyg'.


(./_minted-build/TypeScript-NiklasMollenhauer/F78FFCB5C1E00AC6DC34B14F9971BF1B9
8BAFA22BFE47D3EEBC3D1D7D913EDA1.pygtex)
\openout6 = `build/TypeScript-NiklasMollenhauer.pyg'.


(./_minted-build/TypeScript-NiklasMollenhauer/52D280EF3EBAB81285CFC6866F2498F69
8BAFA22BFE47D3EEBC3D1D7D913EDA1.pygtex)
\openout6 = `build/TypeScript-NiklasMollenhauer.pyg'.


(./_minted-build/TypeScript-NiklasMollenhauer/258622B1688250CB619F3C9CCAEFB7EBC
F2C44C9382D620ED7CCB4563EB71865.pygtex)
\openout6 = `build/TypeScript-NiklasMollenhauer.pyg'.


(./_minted-build/TypeScript-NiklasMollenhauer/C157A79031E1C40F85931829BC5FC552C
F2C44C9382D620ED7CCB4563EB71865.pygtex)
\openout6 = `build/TypeScript-NiklasMollenhauer.pyg'.


(./_minted-build/TypeScript-NiklasMollenhauer/B80FA55B1234F1935CEA559D9EFBC39A9
8BAFA22BFE47D3EEBC3D1D7D913EDA1.pygtex)
\openout6 = `build/TypeScript-NiklasMollenhauer.pyg'.


(./_minted-build/TypeScript-NiklasMollenhauer/C157A79031E1C40F85931829BC5FC552C
F2C44C9382D620ED7CCB4563EB71865.pygtex)
\openout6 = `build/TypeScript-NiklasMollenhauer.pyg'.


(./_minted-build/TypeScript-NiklasMollenhauer/F3A2A427C0020A4AF9259B4115EB8DA39
8BAFA22BFE47D3EEBC3D1D7D913EDA1.pygtex)
(./_minted-build/TypeScript-NiklasMollenhauer/3F004C5E84E2B31048362866F77054092
C0C418340470B21447EDF132AF89C2F.pygtex) [5]
\openout6 = `build/TypeScript-NiklasMollenhauer.pyg'.


(./_minted-build/TypeScript-NiklasMollenhauer/674441960CA1BA2DE08AD4E50C9FDE989
8BAFA22BFE47D3EEBC3D1D7D913EDA1.pygtex)
\openout6 = `build/TypeScript-NiklasMollenhauer.pyg'.


(./_minted-build/TypeScript-NiklasMollenhauer/002BCAA7BE0E2AA3D666479C6A58CC919
8BAFA22BFE47D3EEBC3D1D7D913EDA1.pygtex)
\openout6 = `build/TypeScript-NiklasMollenhauer.pyg'.


(./_minted-build/TypeScript-NiklasMollenhauer/674441960CA1BA2DE08AD4E50C9FDE989
8BAFA22BFE47D3EEBC3D1D7D913EDA1.pygtex)
\openout6 = `build/TypeScript-NiklasMollenhauer.pyg'.


(./_minted-build/TypeScript-NiklasMollenhauer/002BCAA7BE0E2AA3D666479C6A58CC919
8BAFA22BFE47D3EEBC3D1D7D913EDA1.pygtex)
\openout6 = `build/TypeScript-NiklasMollenhauer.pyg'.


(./_minted-build/TypeScript-NiklasMollenhauer/FCC86F14D8C0CA9732CFCC4BD254C9D0C
F2C44C9382D620ED7CCB4563EB71865.pygtex)
\openout6 = `build/TypeScript-NiklasMollenhauer.pyg'.


(./_minted-build/TypeScript-NiklasMollenhauer/674441960CA1BA2DE08AD4E50C9FDE989
8BAFA22BFE47D3EEBC3D1D7D913EDA1.pygtex)
\openout6 = `build/TypeScript-NiklasMollenhauer.pyg'.


(./_minted-build/TypeScript-NiklasMollenhauer/002BCAA7BE0E2AA3D666479C6A58CC919
8BAFA22BFE47D3EEBC3D1D7D913EDA1.pygtex)
\openout6 = `build/TypeScript-NiklasMollenhauer.pyg'.


(./_minted-build/TypeScript-NiklasMollenhauer/674441960CA1BA2DE08AD4E50C9FDE989
8BAFA22BFE47D3EEBC3D1D7D913EDA1.pygtex)
\openout6 = `build/TypeScript-NiklasMollenhauer.pyg'.


(./_minted-build/TypeScript-NiklasMollenhauer/002BCAA7BE0E2AA3D666479C6A58CC919
8BAFA22BFE47D3EEBC3D1D7D913EDA1.pygtex) (./img/number_nullable.tikz
\openout6 = `build/TypeScript-NiklasMollenhauer.pyg'.


(./_minted-build/TypeScript-NiklasMollenhauer/897316929176464EBC9AD085F31E72849
8BAFA22BFE47D3EEBC3D1D7D913EDA1.pygtex)
\openout6 = `build/TypeScript-NiklasMollenhauer.pyg'.


(./_minted-build/TypeScript-NiklasMollenhauer/B026324C6904B2A9CB4B88D6D61C81D19
8BAFA22BFE47D3EEBC3D1D7D913EDA1.pygtex)
\openout6 = `build/TypeScript-NiklasMollenhauer.pyg'.


(./_minted-build/TypeScript-NiklasMollenhauer/4F77805F35F22CA6752FCF7F31C182F59
8BAFA22BFE47D3EEBC3D1D7D913EDA1.pygtex)
\openout6 = `build/TypeScript-NiklasMollenhauer.pyg'.


(./_minted-build/TypeScript-NiklasMollenhauer/50A2FABFDD276F573FF97ACE8B11C5F49
8BAFA22BFE47D3EEBC3D1D7D913EDA1.pygtex)
\openout6 = `build/TypeScript-NiklasMollenhauer.pyg'.


(./_minted-build/TypeScript-NiklasMollenhauer/002BCAA7BE0E2AA3D666479C6A58CC919
8BAFA22BFE47D3EEBC3D1D7D913EDA1.pygtex)
\openout6 = `build/TypeScript-NiklasMollenhauer.pyg'.


(./_minted-build/TypeScript-NiklasMollenhauer/674441960CA1BA2DE08AD4E50C9FDE989
8BAFA22BFE47D3EEBC3D1D7D913EDA1.pygtex)) (./img/number_nullable.tikz
\openout6 = `build/TypeScript-NiklasMollenhauer.pyg'.


(./_minted-build/TypeScript-NiklasMollenhauer/897316929176464EBC9AD085F31E72849
8BAFA22BFE47D3EEBC3D1D7D913EDA1.pygtex)
\openout6 = `build/TypeScript-NiklasMollenhauer.pyg'.


(./_minted-build/TypeScript-NiklasMollenhauer/B026324C6904B2A9CB4B88D6D61C81D19
8BAFA22BFE47D3EEBC3D1D7D913EDA1.pygtex)
\openout6 = `build/TypeScript-NiklasMollenhauer.pyg'.


(./_minted-build/TypeScript-NiklasMollenhauer/4F77805F35F22CA6752FCF7F31C182F59
8BAFA22BFE47D3EEBC3D1D7D913EDA1.pygtex)
\openout6 = `build/TypeScript-NiklasMollenhauer.pyg'.


(./_minted-build/TypeScript-NiklasMollenhauer/50A2FABFDD276F573FF97ACE8B11C5F49
8BAFA22BFE47D3EEBC3D1D7D913EDA1.pygtex)
\openout6 = `build/TypeScript-NiklasMollenhauer.pyg'.


(./_minted-build/TypeScript-NiklasMollenhauer/002BCAA7BE0E2AA3D666479C6A58CC919
8BAFA22BFE47D3EEBC3D1D7D913EDA1.pygtex)
\openout6 = `build/TypeScript-NiklasMollenhauer.pyg'.


(./_minted-build/TypeScript-NiklasMollenhauer/674441960CA1BA2DE08AD4E50C9FDE989
8BAFA22BFE47D3EEBC3D1D7D913EDA1.pygtex)) (./img/number_nullable.tikz
\openout6 = `build/TypeScript-NiklasMollenhauer.pyg'.


(./_minted-build/TypeScript-NiklasMollenhauer/897316929176464EBC9AD085F31E72849
8BAFA22BFE47D3EEBC3D1D7D913EDA1.pygtex)
\openout6 = `build/TypeScript-NiklasMollenhauer.pyg'.


(./_minted-build/TypeScript-NiklasMollenhauer/B026324C6904B2A9CB4B88D6D61C81D19
8BAFA22BFE47D3EEBC3D1D7D913EDA1.pygtex)
\openout6 = `build/TypeScript-NiklasMollenhauer.pyg'.


(./_minted-build/TypeScript-NiklasMollenhauer/4F77805F35F22CA6752FCF7F31C182F59
8BAFA22BFE47D3EEBC3D1D7D913EDA1.pygtex)
\openout6 = `build/TypeScript-NiklasMollenhauer.pyg'.


(./_minted-build/TypeScript-NiklasMollenhauer/50A2FABFDD276F573FF97ACE8B11C5F49
8BAFA22BFE47D3EEBC3D1D7D913EDA1.pygtex)
\openout6 = `build/TypeScript-NiklasMollenhauer.pyg'.


(./_minted-build/TypeScript-NiklasMollenhauer/002BCAA7BE0E2AA3D666479C6A58CC919
8BAFA22BFE47D3EEBC3D1D7D913EDA1.pygtex)
\openout6 = `build/TypeScript-NiklasMollenhauer.pyg'.


(./_minted-build/TypeScript-NiklasMollenhauer/674441960CA1BA2DE08AD4E50C9FDE989
8BAFA22BFE47D3EEBC3D1D7D913EDA1.pygtex)) (./img/number_nullable.tikz
\openout6 = `build/TypeScript-NiklasMollenhauer.pyg'.


(./_minted-build/TypeScript-NiklasMollenhauer/897316929176464EBC9AD085F31E72849
8BAFA22BFE47D3EEBC3D1D7D913EDA1.pygtex)
\openout6 = `build/TypeScript-NiklasMollenhauer.pyg'.


(./_minted-build/TypeScript-NiklasMollenhauer/B026324C6904B2A9CB4B88D6D61C81D19
8BAFA22BFE47D3EEBC3D1D7D913EDA1.pygtex)
\openout6 = `build/TypeScript-NiklasMollenhauer.pyg'.


(./_minted-build/TypeScript-NiklasMollenhauer/4F77805F35F22CA6752FCF7F31C182F59
8BAFA22BFE47D3EEBC3D1D7D913EDA1.pygtex)
\openout6 = `build/TypeScript-NiklasMollenhauer.pyg'.


(./_minted-build/TypeScript-NiklasMollenhauer/50A2FABFDD276F573FF97ACE8B11C5F49
8BAFA22BFE47D3EEBC3D1D7D913EDA1.pygtex)
\openout6 = `build/TypeScript-NiklasMollenhauer.pyg'.


(./_minted-build/TypeScript-NiklasMollenhauer/002BCAA7BE0E2AA3D666479C6A58CC919
8BAFA22BFE47D3EEBC3D1D7D913EDA1.pygtex)
\openout6 = `build/TypeScript-NiklasMollenhauer.pyg'.


(./_minted-build/TypeScript-NiklasMollenhauer/674441960CA1BA2DE08AD4E50C9FDE989
8BAFA22BFE47D3EEBC3D1D7D913EDA1.pygtex)) (./img/number_nullable.tikz
\openout6 = `build/TypeScript-NiklasMollenhauer.pyg'.


(./_minted-build/TypeScript-NiklasMollenhauer/897316929176464EBC9AD085F31E72849
8BAFA22BFE47D3EEBC3D1D7D913EDA1.pygtex)
\openout6 = `build/TypeScript-NiklasMollenhauer.pyg'.


(./_minted-build/TypeScript-NiklasMollenhauer/B026324C6904B2A9CB4B88D6D61C81D19
8BAFA22BFE47D3EEBC3D1D7D913EDA1.pygtex)
\openout6 = `build/TypeScript-NiklasMollenhauer.pyg'.


(./_minted-build/TypeScript-NiklasMollenhauer/4F77805F35F22CA6752FCF7F31C182F59
8BAFA22BFE47D3EEBC3D1D7D913EDA1.pygtex)
\openout6 = `build/TypeScript-NiklasMollenhauer.pyg'.


(./_minted-build/TypeScript-NiklasMollenhauer/50A2FABFDD276F573FF97ACE8B11C5F49
8BAFA22BFE47D3EEBC3D1D7D913EDA1.pygtex)
\openout6 = `build/TypeScript-NiklasMollenhauer.pyg'.


(./_minted-build/TypeScript-NiklasMollenhauer/002BCAA7BE0E2AA3D666479C6A58CC919
8BAFA22BFE47D3EEBC3D1D7D913EDA1.pygtex)
\openout6 = `build/TypeScript-NiklasMollenhauer.pyg'.


(./_minted-build/TypeScript-NiklasMollenhauer/674441960CA1BA2DE08AD4E50C9FDE989
8BAFA22BFE47D3EEBC3D1D7D913EDA1.pygtex)) (./img/string_nullable.tikz
\openout6 = `build/TypeScript-NiklasMollenhauer.pyg'.


(./_minted-build/TypeScript-NiklasMollenhauer/A227D42AFBCC590B4E949075CDE4A5B69
8BAFA22BFE47D3EEBC3D1D7D913EDA1.pygtex)
\openout6 = `build/TypeScript-NiklasMollenhauer.pyg'.


(./_minted-build/TypeScript-NiklasMollenhauer/77F088CAF896BC2BE55AF5CDF8E860AE9
8BAFA22BFE47D3EEBC3D1D7D913EDA1.pygtex)
\openout6 = `build/TypeScript-NiklasMollenhauer.pyg'.


(./_minted-build/TypeScript-NiklasMollenhauer/A0FC2209A2F7D3EC834C24E64FF0EEF39
8BAFA22BFE47D3EEBC3D1D7D913EDA1.pygtex)
\openout6 = `build/TypeScript-NiklasMollenhauer.pyg'.


(./_minted-build/TypeScript-NiklasMollenhauer/002BCAA7BE0E2AA3D666479C6A58CC919
8BAFA22BFE47D3EEBC3D1D7D913EDA1.pygtex)
\openout6 = `build/TypeScript-NiklasMollenhauer.pyg'.


(./_minted-build/TypeScript-NiklasMollenhauer/674441960CA1BA2DE08AD4E50C9FDE989
8BAFA22BFE47D3EEBC3D1D7D913EDA1.pygtex)) (./img/string_nullable.tikz
\openout6 = `build/TypeScript-NiklasMollenhauer.pyg'.


(./_minted-build/TypeScript-NiklasMollenhauer/A227D42AFBCC590B4E949075CDE4A5B69
8BAFA22BFE47D3EEBC3D1D7D913EDA1.pygtex)
\openout6 = `build/TypeScript-NiklasMollenhauer.pyg'.


(./_minted-build/TypeScript-NiklasMollenhauer/77F088CAF896BC2BE55AF5CDF8E860AE9
8BAFA22BFE47D3EEBC3D1D7D913EDA1.pygtex)
\openout6 = `build/TypeScript-NiklasMollenhauer.pyg'.


(./_minted-build/TypeScript-NiklasMollenhauer/A0FC2209A2F7D3EC834C24E64FF0EEF39
8BAFA22BFE47D3EEBC3D1D7D913EDA1.pygtex)
\openout6 = `build/TypeScript-NiklasMollenhauer.pyg'.


(./_minted-build/TypeScript-NiklasMollenhauer/002BCAA7BE0E2AA3D666479C6A58CC919
8BAFA22BFE47D3EEBC3D1D7D913EDA1.pygtex)
\openout6 = `build/TypeScript-NiklasMollenhauer.pyg'.


(./_minted-build/TypeScript-NiklasMollenhauer/674441960CA1BA2DE08AD4E50C9FDE989
8BAFA22BFE47D3EEBC3D1D7D913EDA1.pygtex)) (./img/string_nullable.tikz
\openout6 = `build/TypeScript-NiklasMollenhauer.pyg'.


(./_minted-build/TypeScript-NiklasMollenhauer/A227D42AFBCC590B4E949075CDE4A5B69
8BAFA22BFE47D3EEBC3D1D7D913EDA1.pygtex)
\openout6 = `build/TypeScript-NiklasMollenhauer.pyg'.


(./_minted-build/TypeScript-NiklasMollenhauer/77F088CAF896BC2BE55AF5CDF8E860AE9
8BAFA22BFE47D3EEBC3D1D7D913EDA1.pygtex)
\openout6 = `build/TypeScript-NiklasMollenhauer.pyg'.


(./_minted-build/TypeScript-NiklasMollenhauer/A0FC2209A2F7D3EC834C24E64FF0EEF39
8BAFA22BFE47D3EEBC3D1D7D913EDA1.pygtex)
\openout6 = `build/TypeScript-NiklasMollenhauer.pyg'.


(./_minted-build/TypeScript-NiklasMollenhauer/002BCAA7BE0E2AA3D666479C6A58CC919
8BAFA22BFE47D3EEBC3D1D7D913EDA1.pygtex)
\openout6 = `build/TypeScript-NiklasMollenhauer.pyg'.


(./_minted-build/TypeScript-NiklasMollenhauer/674441960CA1BA2DE08AD4E50C9FDE989
8BAFA22BFE47D3EEBC3D1D7D913EDA1.pygtex)) (./img/string_nullable.tikz
\openout6 = `build/TypeScript-NiklasMollenhauer.pyg'.


(./_minted-build/TypeScript-NiklasMollenhauer/A227D42AFBCC590B4E949075CDE4A5B69
8BAFA22BFE47D3EEBC3D1D7D913EDA1.pygtex)
\openout6 = `build/TypeScript-NiklasMollenhauer.pyg'.


(./_minted-build/TypeScript-NiklasMollenhauer/77F088CAF896BC2BE55AF5CDF8E860AE9
8BAFA22BFE47D3EEBC3D1D7D913EDA1.pygtex)
\openout6 = `build/TypeScript-NiklasMollenhauer.pyg'.


(./_minted-build/TypeScript-NiklasMollenhauer/A0FC2209A2F7D3EC834C24E64FF0EEF39
8BAFA22BFE47D3EEBC3D1D7D913EDA1.pygtex)
\openout6 = `build/TypeScript-NiklasMollenhauer.pyg'.


(./_minted-build/TypeScript-NiklasMollenhauer/002BCAA7BE0E2AA3D666479C6A58CC919
8BAFA22BFE47D3EEBC3D1D7D913EDA1.pygtex)
\openout6 = `build/TypeScript-NiklasMollenhauer.pyg'.


(./_minted-build/TypeScript-NiklasMollenhauer/674441960CA1BA2DE08AD4E50C9FDE989
8BAFA22BFE47D3EEBC3D1D7D913EDA1.pygtex)) (./img/string_nullable.tikz
\openout6 = `build/TypeScript-NiklasMollenhauer.pyg'.


(./_minted-build/TypeScript-NiklasMollenhauer/A227D42AFBCC590B4E949075CDE4A5B69
8BAFA22BFE47D3EEBC3D1D7D913EDA1.pygtex)
\openout6 = `build/TypeScript-NiklasMollenhauer.pyg'.


(./_minted-build/TypeScript-NiklasMollenhauer/77F088CAF896BC2BE55AF5CDF8E860AE9
8BAFA22BFE47D3EEBC3D1D7D913EDA1.pygtex)
\openout6 = `build/TypeScript-NiklasMollenhauer.pyg'.


(./_minted-build/TypeScript-NiklasMollenhauer/A0FC2209A2F7D3EC834C24E64FF0EEF39
8BAFA22BFE47D3EEBC3D1D7D913EDA1.pygtex)
\openout6 = `build/TypeScript-NiklasMollenhauer.pyg'.


(./_minted-build/TypeScript-NiklasMollenhauer/002BCAA7BE0E2AA3D666479C6A58CC919
8BAFA22BFE47D3EEBC3D1D7D913EDA1.pygtex)
\openout6 = `build/TypeScript-NiklasMollenhauer.pyg'.


(./_minted-build/TypeScript-NiklasMollenhauer/674441960CA1BA2DE08AD4E50C9FDE989
8BAFA22BFE47D3EEBC3D1D7D913EDA1.pygtex)) (./img/string_nullable.tikz
\openout6 = `build/TypeScript-NiklasMollenhauer.pyg'.


(./_minted-build/TypeScript-NiklasMollenhauer/A227D42AFBCC590B4E949075CDE4A5B69
8BAFA22BFE47D3EEBC3D1D7D913EDA1.pygtex)
\openout6 = `build/TypeScript-NiklasMollenhauer.pyg'.


(./_minted-build/TypeScript-NiklasMollenhauer/77F088CAF896BC2BE55AF5CDF8E860AE9
8BAFA22BFE47D3EEBC3D1D7D913EDA1.pygtex)
\openout6 = `build/TypeScript-NiklasMollenhauer.pyg'.


(./_minted-build/TypeScript-NiklasMollenhauer/A0FC2209A2F7D3EC834C24E64FF0EEF39
8BAFA22BFE47D3EEBC3D1D7D913EDA1.pygtex)
\openout6 = `build/TypeScript-NiklasMollenhauer.pyg'.


(./_minted-build/TypeScript-NiklasMollenhauer/002BCAA7BE0E2AA3D666479C6A58CC919
8BAFA22BFE47D3EEBC3D1D7D913EDA1.pygtex)
\openout6 = `build/TypeScript-NiklasMollenhauer.pyg'.


(./_minted-build/TypeScript-NiklasMollenhauer/674441960CA1BA2DE08AD4E50C9FDE989
8BAFA22BFE47D3EEBC3D1D7D913EDA1.pygtex)) (./img/boolean_nullable.tikz
\openout6 = `build/TypeScript-NiklasMollenhauer.pyg'.


(./_minted-build/TypeScript-NiklasMollenhauer/74D9A83219CABAAB06A69FD318873F339
8BAFA22BFE47D3EEBC3D1D7D913EDA1.pygtex)
\openout6 = `build/TypeScript-NiklasMollenhauer.pyg'.


(./_minted-build/TypeScript-NiklasMollenhauer/D42F2DA1DF5ECDF29BE4AC27EDDA0C129
8BAFA22BFE47D3EEBC3D1D7D913EDA1.pygtex)
\openout6 = `build/TypeScript-NiklasMollenhauer.pyg'.


(./_minted-build/TypeScript-NiklasMollenhauer/002BCAA7BE0E2AA3D666479C6A58CC919
8BAFA22BFE47D3EEBC3D1D7D913EDA1.pygtex)
\openout6 = `build/TypeScript-NiklasMollenhauer.pyg'.


(./_minted-build/TypeScript-NiklasMollenhauer/674441960CA1BA2DE08AD4E50C9FDE989
8BAFA22BFE47D3EEBC3D1D7D913EDA1.pygtex)) (./img/boolean_nullable.tikz
\openout6 = `build/TypeScript-NiklasMollenhauer.pyg'.


(./_minted-build/TypeScript-NiklasMollenhauer/74D9A83219CABAAB06A69FD318873F339
8BAFA22BFE47D3EEBC3D1D7D913EDA1.pygtex)
\openout6 = `build/TypeScript-NiklasMollenhauer.pyg'.


(./_minted-build/TypeScript-NiklasMollenhauer/D42F2DA1DF5ECDF29BE4AC27EDDA0C129
8BAFA22BFE47D3EEBC3D1D7D913EDA1.pygtex)
\openout6 = `build/TypeScript-NiklasMollenhauer.pyg'.


(./_minted-build/TypeScript-NiklasMollenhauer/002BCAA7BE0E2AA3D666479C6A58CC919
8BAFA22BFE47D3EEBC3D1D7D913EDA1.pygtex)
\openout6 = `build/TypeScript-NiklasMollenhauer.pyg'.


(./_minted-build/TypeScript-NiklasMollenhauer/674441960CA1BA2DE08AD4E50C9FDE989
8BAFA22BFE47D3EEBC3D1D7D913EDA1.pygtex)) (./img/boolean_nullable.tikz
\openout6 = `build/TypeScript-NiklasMollenhauer.pyg'.


(./_minted-build/TypeScript-NiklasMollenhauer/74D9A83219CABAAB06A69FD318873F339
8BAFA22BFE47D3EEBC3D1D7D913EDA1.pygtex)
\openout6 = `build/TypeScript-NiklasMollenhauer.pyg'.


(./_minted-build/TypeScript-NiklasMollenhauer/D42F2DA1DF5ECDF29BE4AC27EDDA0C129
8BAFA22BFE47D3EEBC3D1D7D913EDA1.pygtex)
\openout6 = `build/TypeScript-NiklasMollenhauer.pyg'.


(./_minted-build/TypeScript-NiklasMollenhauer/002BCAA7BE0E2AA3D666479C6A58CC919
8BAFA22BFE47D3EEBC3D1D7D913EDA1.pygtex)
\openout6 = `build/TypeScript-NiklasMollenhauer.pyg'.


(./_minted-build/TypeScript-NiklasMollenhauer/674441960CA1BA2DE08AD4E50C9FDE989
8BAFA22BFE47D3EEBC3D1D7D913EDA1.pygtex)) (./img/boolean_nullable.tikz
\openout6 = `build/TypeScript-NiklasMollenhauer.pyg'.


(./_minted-build/TypeScript-NiklasMollenhauer/74D9A83219CABAAB06A69FD318873F339
8BAFA22BFE47D3EEBC3D1D7D913EDA1.pygtex)
\openout6 = `build/TypeScript-NiklasMollenhauer.pyg'.


(./_minted-build/TypeScript-NiklasMollenhauer/D42F2DA1DF5ECDF29BE4AC27EDDA0C129
8BAFA22BFE47D3EEBC3D1D7D913EDA1.pygtex)
\openout6 = `build/TypeScript-NiklasMollenhauer.pyg'.


(./_minted-build/TypeScript-NiklasMollenhauer/002BCAA7BE0E2AA3D666479C6A58CC919
8BAFA22BFE47D3EEBC3D1D7D913EDA1.pygtex)
\openout6 = `build/TypeScript-NiklasMollenhauer.pyg'.


(./_minted-build/TypeScript-NiklasMollenhauer/674441960CA1BA2DE08AD4E50C9FDE989
8BAFA22BFE47D3EEBC3D1D7D913EDA1.pygtex)) (./img/boolean_nullable.tikz
\openout6 = `build/TypeScript-NiklasMollenhauer.pyg'.


(./_minted-build/TypeScript-NiklasMollenhauer/74D9A83219CABAAB06A69FD318873F339
8BAFA22BFE47D3EEBC3D1D7D913EDA1.pygtex)
\openout6 = `build/TypeScript-NiklasMollenhauer.pyg'.


(./_minted-build/TypeScript-NiklasMollenhauer/D42F2DA1DF5ECDF29BE4AC27EDDA0C129
8BAFA22BFE47D3EEBC3D1D7D913EDA1.pygtex)
\openout6 = `build/TypeScript-NiklasMollenhauer.pyg'.


(./_minted-build/TypeScript-NiklasMollenhauer/002BCAA7BE0E2AA3D666479C6A58CC919
8BAFA22BFE47D3EEBC3D1D7D913EDA1.pygtex)
\openout6 = `build/TypeScript-NiklasMollenhauer.pyg'.


(./_minted-build/TypeScript-NiklasMollenhauer/674441960CA1BA2DE08AD4E50C9FDE989
8BAFA22BFE47D3EEBC3D1D7D913EDA1.pygtex))
\openout6 = `build/TypeScript-NiklasMollenhauer.pyg'.


(./_minted-build/TypeScript-NiklasMollenhauer/FCC86F14D8C0CA9732CFCC4BD254C9D0C
F2C44C9382D620ED7CCB4563EB71865.pygtex)
\openout6 = `build/TypeScript-NiklasMollenhauer.pyg'.


(./_minted-build/TypeScript-NiklasMollenhauer/FCC86F14D8C0CA9732CFCC4BD254C9D0C
F2C44C9382D620ED7CCB4563EB71865.pygtex) (./img/number.tikz
\openout6 = `build/TypeScript-NiklasMollenhauer.pyg'.


(./_minted-build/TypeScript-NiklasMollenhauer/897316929176464EBC9AD085F31E72849
8BAFA22BFE47D3EEBC3D1D7D913EDA1.pygtex)
\openout6 = `build/TypeScript-NiklasMollenhauer.pyg'.


(./_minted-build/TypeScript-NiklasMollenhauer/B026324C6904B2A9CB4B88D6D61C81D19
8BAFA22BFE47D3EEBC3D1D7D913EDA1.pygtex)
\openout6 = `build/TypeScript-NiklasMollenhauer.pyg'.


(./_minted-build/TypeScript-NiklasMollenhauer/4F77805F35F22CA6752FCF7F31C182F59
8BAFA22BFE47D3EEBC3D1D7D913EDA1.pygtex)
\openout6 = `build/TypeScript-NiklasMollenhauer.pyg'.


(./_minted-build/TypeScript-NiklasMollenhauer/50A2FABFDD276F573FF97ACE8B11C5F49
8BAFA22BFE47D3EEBC3D1D7D913EDA1.pygtex)) (./img/number.tikz
\openout6 = `build/TypeScript-NiklasMollenhauer.pyg'.


(./_minted-build/TypeScript-NiklasMollenhauer/897316929176464EBC9AD085F31E72849
8BAFA22BFE47D3EEBC3D1D7D913EDA1.pygtex)
\openout6 = `build/TypeScript-NiklasMollenhauer.pyg'.


(./_minted-build/TypeScript-NiklasMollenhauer/B026324C6904B2A9CB4B88D6D61C81D19
8BAFA22BFE47D3EEBC3D1D7D913EDA1.pygtex)
\openout6 = `build/TypeScript-NiklasMollenhauer.pyg'.


(./_minted-build/TypeScript-NiklasMollenhauer/4F77805F35F22CA6752FCF7F31C182F59
8BAFA22BFE47D3EEBC3D1D7D913EDA1.pygtex)
\openout6 = `build/TypeScript-NiklasMollenhauer.pyg'.


(./_minted-build/TypeScript-NiklasMollenhauer/50A2FABFDD276F573FF97ACE8B11C5F49
8BAFA22BFE47D3EEBC3D1D7D913EDA1.pygtex)) (./img/number.tikz
\openout6 = `build/TypeScript-NiklasMollenhauer.pyg'.


(./_minted-build/TypeScript-NiklasMollenhauer/897316929176464EBC9AD085F31E72849
8BAFA22BFE47D3EEBC3D1D7D913EDA1.pygtex)
\openout6 = `build/TypeScript-NiklasMollenhauer.pyg'.


(./_minted-build/TypeScript-NiklasMollenhauer/B026324C6904B2A9CB4B88D6D61C81D19
8BAFA22BFE47D3EEBC3D1D7D913EDA1.pygtex)
\openout6 = `build/TypeScript-NiklasMollenhauer.pyg'.


(./_minted-build/TypeScript-NiklasMollenhauer/4F77805F35F22CA6752FCF7F31C182F59
8BAFA22BFE47D3EEBC3D1D7D913EDA1.pygtex)
\openout6 = `build/TypeScript-NiklasMollenhauer.pyg'.


(./_minted-build/TypeScript-NiklasMollenhauer/50A2FABFDD276F573FF97ACE8B11C5F49
8BAFA22BFE47D3EEBC3D1D7D913EDA1.pygtex)) (./img/number.tikz
\openout6 = `build/TypeScript-NiklasMollenhauer.pyg'.


(./_minted-build/TypeScript-NiklasMollenhauer/897316929176464EBC9AD085F31E72849
8BAFA22BFE47D3EEBC3D1D7D913EDA1.pygtex)
\openout6 = `build/TypeScript-NiklasMollenhauer.pyg'.


(./_minted-build/TypeScript-NiklasMollenhauer/B026324C6904B2A9CB4B88D6D61C81D19
8BAFA22BFE47D3EEBC3D1D7D913EDA1.pygtex)
\openout6 = `build/TypeScript-NiklasMollenhauer.pyg'.


(./_minted-build/TypeScript-NiklasMollenhauer/4F77805F35F22CA6752FCF7F31C182F59
8BAFA22BFE47D3EEBC3D1D7D913EDA1.pygtex)
\openout6 = `build/TypeScript-NiklasMollenhauer.pyg'.


(./_minted-build/TypeScript-NiklasMollenhauer/50A2FABFDD276F573FF97ACE8B11C5F49
8BAFA22BFE47D3EEBC3D1D7D913EDA1.pygtex)) (./img/number.tikz
\openout6 = `build/TypeScript-NiklasMollenhauer.pyg'.


(./_minted-build/TypeScript-NiklasMollenhauer/897316929176464EBC9AD085F31E72849
8BAFA22BFE47D3EEBC3D1D7D913EDA1.pygtex)
\openout6 = `build/TypeScript-NiklasMollenhauer.pyg'.


(./_minted-build/TypeScript-NiklasMollenhauer/B026324C6904B2A9CB4B88D6D61C81D19
8BAFA22BFE47D3EEBC3D1D7D913EDA1.pygtex)
\openout6 = `build/TypeScript-NiklasMollenhauer.pyg'.


(./_minted-build/TypeScript-NiklasMollenhauer/4F77805F35F22CA6752FCF7F31C182F59
8BAFA22BFE47D3EEBC3D1D7D913EDA1.pygtex)
\openout6 = `build/TypeScript-NiklasMollenhauer.pyg'.


(./_minted-build/TypeScript-NiklasMollenhauer/50A2FABFDD276F573FF97ACE8B11C5F49
8BAFA22BFE47D3EEBC3D1D7D913EDA1.pygtex)) (./img/string.tikz
\openout6 = `build/TypeScript-NiklasMollenhauer.pyg'.


(./_minted-build/TypeScript-NiklasMollenhauer/A227D42AFBCC590B4E949075CDE4A5B69
8BAFA22BFE47D3EEBC3D1D7D913EDA1.pygtex)
\openout6 = `build/TypeScript-NiklasMollenhauer.pyg'.


(./_minted-build/TypeScript-NiklasMollenhauer/77F088CAF896BC2BE55AF5CDF8E860AE9
8BAFA22BFE47D3EEBC3D1D7D913EDA1.pygtex)
\openout6 = `build/TypeScript-NiklasMollenhauer.pyg'.


(./_minted-build/TypeScript-NiklasMollenhauer/A0FC2209A2F7D3EC834C24E64FF0EEF39
8BAFA22BFE47D3EEBC3D1D7D913EDA1.pygtex)) (./img/string.tikz
\openout6 = `build/TypeScript-NiklasMollenhauer.pyg'.


(./_minted-build/TypeScript-NiklasMollenhauer/A227D42AFBCC590B4E949075CDE4A5B69
8BAFA22BFE47D3EEBC3D1D7D913EDA1.pygtex)
\openout6 = `build/TypeScript-NiklasMollenhauer.pyg'.


(./_minted-build/TypeScript-NiklasMollenhauer/77F088CAF896BC2BE55AF5CDF8E860AE9
8BAFA22BFE47D3EEBC3D1D7D913EDA1.pygtex)
\openout6 = `build/TypeScript-NiklasMollenhauer.pyg'.


(./_minted-build/TypeScript-NiklasMollenhauer/A0FC2209A2F7D3EC834C24E64FF0EEF39
8BAFA22BFE47D3EEBC3D1D7D913EDA1.pygtex)) (./img/string.tikz
\openout6 = `build/TypeScript-NiklasMollenhauer.pyg'.


(./_minted-build/TypeScript-NiklasMollenhauer/A227D42AFBCC590B4E949075CDE4A5B69
8BAFA22BFE47D3EEBC3D1D7D913EDA1.pygtex)
\openout6 = `build/TypeScript-NiklasMollenhauer.pyg'.


(./_minted-build/TypeScript-NiklasMollenhauer/77F088CAF896BC2BE55AF5CDF8E860AE9
8BAFA22BFE47D3EEBC3D1D7D913EDA1.pygtex)
\openout6 = `build/TypeScript-NiklasMollenhauer.pyg'.


(./_minted-build/TypeScript-NiklasMollenhauer/A0FC2209A2F7D3EC834C24E64FF0EEF39
8BAFA22BFE47D3EEBC3D1D7D913EDA1.pygtex)) (./img/string.tikz
\openout6 = `build/TypeScript-NiklasMollenhauer.pyg'.


(./_minted-build/TypeScript-NiklasMollenhauer/A227D42AFBCC590B4E949075CDE4A5B69
8BAFA22BFE47D3EEBC3D1D7D913EDA1.pygtex)
\openout6 = `build/TypeScript-NiklasMollenhauer.pyg'.


(./_minted-build/TypeScript-NiklasMollenhauer/77F088CAF896BC2BE55AF5CDF8E860AE9
8BAFA22BFE47D3EEBC3D1D7D913EDA1.pygtex)
\openout6 = `build/TypeScript-NiklasMollenhauer.pyg'.


(./_minted-build/TypeScript-NiklasMollenhauer/A0FC2209A2F7D3EC834C24E64FF0EEF39
8BAFA22BFE47D3EEBC3D1D7D913EDA1.pygtex)) (./img/string.tikz
\openout6 = `build/TypeScript-NiklasMollenhauer.pyg'.


(./_minted-build/TypeScript-NiklasMollenhauer/A227D42AFBCC590B4E949075CDE4A5B69
8BAFA22BFE47D3EEBC3D1D7D913EDA1.pygtex)
\openout6 = `build/TypeScript-NiklasMollenhauer.pyg'.


(./_minted-build/TypeScript-NiklasMollenhauer/77F088CAF896BC2BE55AF5CDF8E860AE9
8BAFA22BFE47D3EEBC3D1D7D913EDA1.pygtex)
\openout6 = `build/TypeScript-NiklasMollenhauer.pyg'.


(./_minted-build/TypeScript-NiklasMollenhauer/A0FC2209A2F7D3EC834C24E64FF0EEF39
8BAFA22BFE47D3EEBC3D1D7D913EDA1.pygtex)) (./img/boolean.tikz
\openout6 = `build/TypeScript-NiklasMollenhauer.pyg'.


(./_minted-build/TypeScript-NiklasMollenhauer/74D9A83219CABAAB06A69FD318873F339
8BAFA22BFE47D3EEBC3D1D7D913EDA1.pygtex)
\openout6 = `build/TypeScript-NiklasMollenhauer.pyg'.


(./_minted-build/TypeScript-NiklasMollenhauer/D42F2DA1DF5ECDF29BE4AC27EDDA0C129
8BAFA22BFE47D3EEBC3D1D7D913EDA1.pygtex)) (./img/boolean.tikz
\openout6 = `build/TypeScript-NiklasMollenhauer.pyg'.


(./_minted-build/TypeScript-NiklasMollenhauer/74D9A83219CABAAB06A69FD318873F339
8BAFA22BFE47D3EEBC3D1D7D913EDA1.pygtex)
\openout6 = `build/TypeScript-NiklasMollenhauer.pyg'.


(./_minted-build/TypeScript-NiklasMollenhauer/D42F2DA1DF5ECDF29BE4AC27EDDA0C129
8BAFA22BFE47D3EEBC3D1D7D913EDA1.pygtex)) (./img/boolean.tikz
\openout6 = `build/TypeScript-NiklasMollenhauer.pyg'.


(./_minted-build/TypeScript-NiklasMollenhauer/74D9A83219CABAAB06A69FD318873F339
8BAFA22BFE47D3EEBC3D1D7D913EDA1.pygtex)
\openout6 = `build/TypeScript-NiklasMollenhauer.pyg'.


(./_minted-build/TypeScript-NiklasMollenhauer/D42F2DA1DF5ECDF29BE4AC27EDDA0C129
8BAFA22BFE47D3EEBC3D1D7D913EDA1.pygtex)) (./img/boolean.tikz
\openout6 = `build/TypeScript-NiklasMollenhauer.pyg'.


(./_minted-build/TypeScript-NiklasMollenhauer/74D9A83219CABAAB06A69FD318873F339
8BAFA22BFE47D3EEBC3D1D7D913EDA1.pygtex)
\openout6 = `build/TypeScript-NiklasMollenhauer.pyg'.


(./_minted-build/TypeScript-NiklasMollenhauer/D42F2DA1DF5ECDF29BE4AC27EDDA0C129
8BAFA22BFE47D3EEBC3D1D7D913EDA1.pygtex)) (./img/boolean.tikz
\openout6 = `build/TypeScript-NiklasMollenhauer.pyg'.


(./_minted-build/TypeScript-NiklasMollenhauer/74D9A83219CABAAB06A69FD318873F339
8BAFA22BFE47D3EEBC3D1D7D913EDA1.pygtex)
\openout6 = `build/TypeScript-NiklasMollenhauer.pyg'.


(./_minted-build/TypeScript-NiklasMollenhauer/D42F2DA1DF5ECDF29BE4AC27EDDA0C129
8BAFA22BFE47D3EEBC3D1D7D913EDA1.pygtex)) (./img/null.tikz
\openout6 = `build/TypeScript-NiklasMollenhauer.pyg'.


(./_minted-build/TypeScript-NiklasMollenhauer/674441960CA1BA2DE08AD4E50C9FDE989
8BAFA22BFE47D3EEBC3D1D7D913EDA1.pygtex)) (./img/null.tikz
\openout6 = `build/TypeScript-NiklasMollenhauer.pyg'.


(./_minted-build/TypeScript-NiklasMollenhauer/674441960CA1BA2DE08AD4E50C9FDE989
8BAFA22BFE47D3EEBC3D1D7D913EDA1.pygtex)) (./img/null.tikz
\openout6 = `build/TypeScript-NiklasMollenhauer.pyg'.


(./_minted-build/TypeScript-NiklasMollenhauer/674441960CA1BA2DE08AD4E50C9FDE989
8BAFA22BFE47D3EEBC3D1D7D913EDA1.pygtex)) (./img/null.tikz
\openout6 = `build/TypeScript-NiklasMollenhauer.pyg'.


(./_minted-build/TypeScript-NiklasMollenhauer/674441960CA1BA2DE08AD4E50C9FDE989
8BAFA22BFE47D3EEBC3D1D7D913EDA1.pygtex)) (./img/null.tikz
\openout6 = `build/TypeScript-NiklasMollenhauer.pyg'.


(./_minted-build/TypeScript-NiklasMollenhauer/674441960CA1BA2DE08AD4E50C9FDE989
8BAFA22BFE47D3EEBC3D1D7D913EDA1.pygtex)) (./img/undefined.tikz
\openout6 = `build/TypeScript-NiklasMollenhauer.pyg'.


(./_minted-build/TypeScript-NiklasMollenhauer/002BCAA7BE0E2AA3D666479C6A58CC919
8BAFA22BFE47D3EEBC3D1D7D913EDA1.pygtex)) (./img/undefined.tikz
\openout6 = `build/TypeScript-NiklasMollenhauer.pyg'.


(./_minted-build/TypeScript-NiklasMollenhauer/002BCAA7BE0E2AA3D666479C6A58CC919
8BAFA22BFE47D3EEBC3D1D7D913EDA1.pygtex)) (./img/undefined.tikz
\openout6 = `build/TypeScript-NiklasMollenhauer.pyg'.


(./_minted-build/TypeScript-NiklasMollenhauer/002BCAA7BE0E2AA3D666479C6A58CC919
8BAFA22BFE47D3EEBC3D1D7D913EDA1.pygtex)) (./img/undefined.tikz
\openout6 = `build/TypeScript-NiklasMollenhauer.pyg'.


(./_minted-build/TypeScript-NiklasMollenhauer/002BCAA7BE0E2AA3D666479C6A58CC919
8BAFA22BFE47D3EEBC3D1D7D913EDA1.pygtex)) (./img/undefined.tikz
\openout6 = `build/TypeScript-NiklasMollenhauer.pyg'.


(./_minted-build/TypeScript-NiklasMollenhauer/002BCAA7BE0E2AA3D666479C6A58CC919
8BAFA22BFE47D3EEBC3D1D7D913EDA1.pygtex))
\openout6 = `build/TypeScript-NiklasMollenhauer.pyg'.


(./_minted-build/TypeScript-NiklasMollenhauer/FCC86F14D8C0CA9732CFCC4BD254C9D0C
F2C44C9382D620ED7CCB4563EB71865.pygtex)
\openout6 = `build/TypeScript-NiklasMollenhauer.pyg'.


(./_minted-build/TypeScript-NiklasMollenhauer/FCC86F14D8C0CA9732CFCC4BD254C9D0C
F2C44C9382D620ED7CCB4563EB71865.pygtex)
\openout6 = `build/TypeScript-NiklasMollenhauer.pyg'.


(./_minted-build/TypeScript-NiklasMollenhauer/605BF49414FA271103BCF3D53EBA0EFB9
8BAFA22BFE47D3EEBC3D1D7D913EDA1.pygtex)
\openout6 = `build/TypeScript-NiklasMollenhauer.pyg'.


(./_minted-build/TypeScript-NiklasMollenhauer/B80FA55B1234F1935CEA559D9EFBC39A9
8BAFA22BFE47D3EEBC3D1D7D913EDA1.pygtex)
\openout6 = `build/TypeScript-NiklasMollenhauer.pyg'.


(./_minted-build/TypeScript-NiklasMollenhauer/002BCAA7BE0E2AA3D666479C6A58CC919
8BAFA22BFE47D3EEBC3D1D7D913EDA1.pygtex)
\openout6 = `build/TypeScript-NiklasMollenhauer.pyg'.


(./_minted-build/TypeScript-NiklasMollenhauer/674441960CA1BA2DE08AD4E50C9FDE989
8BAFA22BFE47D3EEBC3D1D7D913EDA1.pygtex)
\openout6 = `build/TypeScript-NiklasMollenhauer.pyg'.


(./_minted-build/TypeScript-NiklasMollenhauer/002BCAA7BE0E2AA3D666479C6A58CC919
8BAFA22BFE47D3EEBC3D1D7D913EDA1.pygtex)
\openout6 = `build/TypeScript-NiklasMollenhauer.pyg'.


(./_minted-build/TypeScript-NiklasMollenhauer/002BCAA7BE0E2AA3D666479C6A58CC919
8BAFA22BFE47D3EEBC3D1D7D913EDA1.pygtex)
\openout6 = `build/TypeScript-NiklasMollenhauer.pyg'.


(./_minted-build/TypeScript-NiklasMollenhauer/002BCAA7BE0E2AA3D666479C6A58CC919
8BAFA22BFE47D3EEBC3D1D7D913EDA1.pygtex)
\openout6 = `build/TypeScript-NiklasMollenhauer.pyg'.


(./_minted-build/TypeScript-NiklasMollenhauer/B80FA55B1234F1935CEA559D9EFBC39A9
8BAFA22BFE47D3EEBC3D1D7D913EDA1.pygtex)
\openout6 = `build/TypeScript-NiklasMollenhauer.pyg'.


(./_minted-build/TypeScript-NiklasMollenhauer/674441960CA1BA2DE08AD4E50C9FDE989
8BAFA22BFE47D3EEBC3D1D7D913EDA1.pygtex)
\openout6 = `build/TypeScript-NiklasMollenhauer.pyg'.


(./_minted-build/TypeScript-NiklasMollenhauer/002BCAA7BE0E2AA3D666479C6A58CC919
8BAFA22BFE47D3EEBC3D1D7D913EDA1.pygtex) [6]
\openout6 = `build/TypeScript-NiklasMollenhauer.pyg'.


(./_minted-build/TypeScript-NiklasMollenhauer/674441960CA1BA2DE08AD4E50C9FDE989
8BAFA22BFE47D3EEBC3D1D7D913EDA1.pygtex)
\openout6 = `build/TypeScript-NiklasMollenhauer.pyg'.


(./_minted-build/TypeScript-NiklasMollenhauer/B80FA55B1234F1935CEA559D9EFBC39A9
8BAFA22BFE47D3EEBC3D1D7D913EDA1.pygtex)
\openout6 = `build/TypeScript-NiklasMollenhauer.pyg'.


(./_minted-build/TypeScript-NiklasMollenhauer/DDFBF645EC79E377B3E88ACCE8F6A69E9
8BAFA22BFE47D3EEBC3D1D7D913EDA1.pygtex)
\openout6 = `build/TypeScript-NiklasMollenhauer.pyg'.


(./_minted-build/TypeScript-NiklasMollenhauer/674441960CA1BA2DE08AD4E50C9FDE989
8BAFA22BFE47D3EEBC3D1D7D913EDA1.pygtex)
\openout6 = `build/TypeScript-NiklasMollenhauer.pyg'.


(./_minted-build/TypeScript-NiklasMollenhauer/002BCAA7BE0E2AA3D666479C6A58CC919
8BAFA22BFE47D3EEBC3D1D7D913EDA1.pygtex)
\openout6 = `build/TypeScript-NiklasMollenhauer.pyg'.


(./_minted-build/TypeScript-NiklasMollenhauer/8041FA6169F9E0D9982D8008702E963E9
8BAFA22BFE47D3EEBC3D1D7D913EDA1.pygtex)
\openout6 = `build/TypeScript-NiklasMollenhauer.pyg'.


(./_minted-build/TypeScript-NiklasMollenhauer/3B06C428B4C536BCA1D810CA114EA4EDC
F2C44C9382D620ED7CCB4563EB71865.pygtex)
\openout6 = `build/TypeScript-NiklasMollenhauer.pyg'.


(./_minted-build/TypeScript-NiklasMollenhauer/18697449D7C48CF32CDD4F14857E68EEC
F2C44C9382D620ED7CCB4563EB71865.pygtex)
\openout6 = `build/TypeScript-NiklasMollenhauer.pyg'.


(./_minted-build/TypeScript-NiklasMollenhauer/002BCAA7BE0E2AA3D666479C6A58CC919
8BAFA22BFE47D3EEBC3D1D7D913EDA1.pygtex)
\openout6 = `build/TypeScript-NiklasMollenhauer.pyg'.


(./_minted-build/TypeScript-NiklasMollenhauer/F70C2F87ED2BFDEDDDE86A8888C6DA21C
F2C44C9382D620ED7CCB4563EB71865.pygtex)
\openout6 = `build/TypeScript-NiklasMollenhauer.pyg'.


(./_minted-build/TypeScript-NiklasMollenhauer/9372BE30CEA6642BACC6FD42FE045DF3C
F2C44C9382D620ED7CCB4563EB71865.pygtex)
\openout6 = `build/TypeScript-NiklasMollenhauer.pyg'.


(./_minted-build/TypeScript-NiklasMollenhauer/6138A13D3D4C90C36AC1A9C13A70C348C
F2C44C9382D620ED7CCB4563EB71865.pygtex)
\openout6 = `build/TypeScript-NiklasMollenhauer.pyg'.


(./_minted-build/TypeScript-NiklasMollenhauer/F70C2F87ED2BFDEDDDE86A8888C6DA21C
F2C44C9382D620ED7CCB4563EB71865.pygtex)
(./_minted-build/TypeScript-NiklasMollenhauer/56425CA6D224B68F44A5C3FD2EE709512
AC6BAA6C0C30DA944071A88BB0AB632.pygtex)
\openout6 = `build/TypeScript-NiklasMollenhauer.pyg'.


(./_minted-build/TypeScript-NiklasMollenhauer/D3B07384D113EDEC49EAA6238AD5FF00C
F2C44C9382D620ED7CCB4563EB71865.pygtex)
\openout6 = `build/TypeScript-NiklasMollenhauer.pyg'.


(./_minted-build/TypeScript-NiklasMollenhauer/258622B1688250CB619F3C9CCAEFB7EBC
F2C44C9382D620ED7CCB4563EB71865.pygtex)
\openout6 = `build/TypeScript-NiklasMollenhauer.pyg'.


(./_minted-build/TypeScript-NiklasMollenhauer/258622B1688250CB619F3C9CCAEFB7EBC
F2C44C9382D620ED7CCB4563EB71865.pygtex)
\openout6 = `build/TypeScript-NiklasMollenhauer.pyg'.


(./_minted-build/TypeScript-NiklasMollenhauer/4FC64205C0E384ED174A80887361F295C
F2C44C9382D620ED7CCB4563EB71865.pygtex)
\openout6 = `build/TypeScript-NiklasMollenhauer.pyg'.


(./_minted-build/TypeScript-NiklasMollenhauer/F70C2F87ED2BFDEDDDE86A8888C6DA21C
F2C44C9382D620ED7CCB4563EB71865.pygtex)
\openout6 = `build/TypeScript-NiklasMollenhauer.pyg'.


(./_minted-build/TypeScript-NiklasMollenhauer/4FC64205C0E384ED174A80887361F295C
F2C44C9382D620ED7CCB4563EB71865.pygtex)
\openout6 = `build/TypeScript-NiklasMollenhauer.pyg'.


(./_minted-build/TypeScript-NiklasMollenhauer/F70C2F87ED2BFDEDDDE86A8888C6DA21C
F2C44C9382D620ED7CCB4563EB71865.pygtex)
\openout6 = `build/TypeScript-NiklasMollenhauer.pyg'.


(./_minted-build/TypeScript-NiklasMollenhauer/DE0121A27337474FD0F92167924A92F0C
F2C44C9382D620ED7CCB4563EB71865.pygtex)
\openout6 = `build/TypeScript-NiklasMollenhauer.pyg'.


(./_minted-build/TypeScript-NiklasMollenhauer/14447E18E841EC840226BB5EFE6C38EC9
8BAFA22BFE47D3EEBC3D1D7D913EDA1.pygtex)
\openout6 = `build/TypeScript-NiklasMollenhauer.pyg'.


(./_minted-build/TypeScript-NiklasMollenhauer/1B2E321569174C630F828667DBC90F50C
F2C44C9382D620ED7CCB4563EB71865.pygtex) [7]
\openout6 = `build/TypeScript-NiklasMollenhauer.pyg'.


(./_minted-build/TypeScript-NiklasMollenhauer/684C45B6C7BAA39A594BDE8B5406E1A7C
F2C44C9382D620ED7CCB4563EB71865.pygtex)
(./build/TypeScript-NiklasMollenhauer.bbl
Underfull \hbox (badness 10000) in paragraph at lines 19--22
[]\OT1/cmr/m/n/10.95 DefinitelyTyped Com-mu-ni-ty, ``De-fi-ni-te-ly-Ty-ped.'' [
]$\OT1/cmtt/m/n/10.95 https : / / github . com / DefinitelyTyped /
 []

) [8]
Package atveryend Info: Empty hook `BeforeClearDocument' on input line 391.
Package atveryend Info: Empty hook `AfterLastShipout' on input line 391.
 (./build/TypeScript-NiklasMollenhauer.aux)
Package atveryend Info: Executing hook `AtVeryEndDocument' on input line 391.
Package atveryend Info: Executing hook `AtEndAfterFileList' on input line 391.
Package rerunfilecheck Info: File `build/TypeScript-NiklasMollenhauer.out' has 
not changed.
(rerunfilecheck)             Checksum: 289463965EA9E98A417506F12DB6A165;496.
runsystem(rm build/TypeScript-NiklasMollenhauer.pyg)...executed.

 ) 
Here is how much of TeX's memory you used:
 34916 strings out of 492639
 764370 string characters out of 6129286
 988485 words of memory out of 5000000
 37603 multiletter control sequences out of 15000+600000
 539400 words of font info for 49 fonts, out of 8000000 for 9000
 1141 hyphenation exceptions out of 8191
 67i,13n,77p,9086b,1232s stack positions out of 5000i,500n,10000p,200000b,80000s
</usr/local/texlive/2018/texmf-dist/fonts/type1/public/amsfonts/cm/cmitt10.pf
b></usr/local/texlive/2018/texmf-dist/fonts/type1/public/amsfonts/cm/cmr10.pfb>
</usr/local/texlive/2018/texmf-dist/fonts/type1/public/amsfonts/cm/cmr12.pfb></
usr/local/texlive/2018/texmf-dist/fonts/type1/public/amsfonts/cm/cmr6.pfb></usr
/local/texlive/2018/texmf-dist/fonts/type1/public/amsfonts/cm/cmr8.pfb></usr/lo
cal/texlive/2018/texmf-dist/fonts/type1/public/amsfonts/cm/cmr9.pfb></usr/local
/texlive/2018/texmf-dist/fonts/type1/public/amsfonts/cm/cmssbx10.pfb></usr/loca
l/texlive/2018/texmf-dist/fonts/type1/public/amsfonts/cm/cmti10.pfb></usr/local
/texlive/2018/texmf-dist/fonts/type1/public/amsfonts/cm/cmtt10.pfb></usr/local/
texlive/2018/texmf-dist/fonts/type1/public/amsfonts/cm/cmtt9.pfb>
Output written on build/TypeScript-NiklasMollenhauer.pdf (8 pages, 182724 bytes
).
PDF statistics:
 177 PDF objects out of 1000 (max. 8388607)
 155 compressed objects within 2 object streams
 35 named destinations out of 1000 (max. 500000)
 77 words of extra memory for PDF output out of 10000 (max. 10000000)

